#
# A fatal error has been detected by the Java Runtime Environment:
#
#  EXCEPTION_ACCESS_VIOLATION (0xc0000005) at pc=0x00007ffc1c8b3428, pid=31292, tid=18548
#
# JRE version: OpenJDK Runtime Environment (23.0.1+11) (build 23.0.1+11-39)
# Java VM: OpenJDK 64-Bit Server VM (23.0.1+11-39, mixed mode, sharing, tiered, compressed oops, compressed class ptrs, g1 gc, windows-amd64)
# Problematic frame:
# C  [libz3.dll+0x8b3428]
#
# No core dump will be written. Minidumps are not enabled by default on client versions of Windows
#
# If you would like to submit a bug report, please visit:
#   https://bugreport.java.com/bugreport/crash.jsp
# The crash happened outside the Java Virtual Machine in native code.
# See problematic frame for where to report the bug.
#

---------------  S U M M A R Y ------------

Command Line: -javaagent:D:\Prog\DevTools\IntelliJ IDEA Community Edition 2024.3.1\lib\idea_rt.jar=64433:D:\Prog\DevTools\IntelliJ IDEA Community Edition 2024.3.1\bin -Dfile.encoding=UTF-8 -Dsun.stdout.encoding=UTF-8 -Dsun.stderr.encoding=UTF-8 MainKt

Host: AMD Ryzen 7 5800X 8-Core Processor             , 16 cores, 31G,  Windows 11 , 64 bit Build 26100 (10.0.26100.2454)
Time: Mon Jan 27 16:30:10 2025 Russia TZ 2 Standard Time elapsed time: 0.698969 seconds (0d 0h 0m 0s)

---------------  T H R E A D  ---------------

Current thread (0x000001149cdb8690):  JavaThread "main"             [_thread_in_native, id=18548, stack(0x00000005dc800000,0x00000005dc900000) (1024K)]

Stack: [0x00000005dc800000,0x00000005dc900000],  sp=0x00000005dc8fe930,  free space=1018k
Native frames: (J=compiled Java code, j=interpreted, Vv=VM code, C=native code)
C  [libz3.dll+0x8b3428]  (no source info available)
C  [libz3.dll+0x8afdc4]  (no source info available)
C  [libz3.dll+0x8b4cdb]  (no source info available)
C  [libz3.dll+0x630875]  (no source info available)
C  [libz3.dll+0x3b41a0]  (no source info available)
C  [libz3.dll+0x3b3654]  (no source info available)
C  [libz3.dll+0x3af4a8]  (no source info available)
C  [libz3.dll+0x7718c4]  (no source info available)
C  [libz3.dll+0x7682ae]  (no source info available)
C  [libz3.dll+0x70f69]  (no source info available)
C  [libz3.dll+0x6bebf]  (no source info available)
C  [libz3java.dll+0x97b7]  (no source info available)
C  0x00000114ae73d207  (no source info available)

The last pc belongs to native method entry point (kind = native) (printed below).
Java frames: (J=compiled Java code, j=interpreted, Vv=VM code)
j  com.microsoft.z3.Native.INTERNALsolverCheckAssumptions(JJI[J)I+0
j  com.microsoft.z3.Native.solverCheckAssumptions(JJI[J)I+6
j  com.microsoft.z3.UtilKt.solverCheckAssumptions(Lcom/microsoft/z3/Solver;[J)Lcom/microsoft/z3/Status;+26
j  io.ksmt.solver.z3.KZ3Solver.checkWithAssumptions-HG0u8IE(Ljava/util/List;J)Lio/ksmt/solver/KSolverStatus;+162
j  testCreation.TestCreator.testCreature(Ljava/util/Map;Lio/ksmt/solver/z3/KZ3Solver;J)Lkotlin/Pair;+114
j  testCreation.TestCreator.generateInitialPopulation(Ljava/util/List;Lio/ksmt/solver/z3/KZ3Solver;Lio/ksmt/KContext;IJ)Ljava/util/List;+178
j  testCreation.TestCreator.evolutionaryAlgorithm(Ljava/util/List;Lio/ksmt/solver/z3/KZ3Solver;Lio/ksmt/KContext;IIIJ)Lio/ksmt/solver/KModel;+323
j  testCreation.TestCreator.createTest(Lmemory/SymbolicResult;Ljava/util/Map;Lio/ksmt/KContext;J)V+411
j  MainKt.main()V+730
j  MainKt.main([Ljava/lang/String;)V+0
v  ~StubRoutines::call_stub 0x00000114ae730fcd

siginfo: EXCEPTION_ACCESS_VIOLATION (0xc0000005), reading address 0x000001250adab178


Registers:
RAX=0x00000000ffffffff, RBX=0x000001150ef75420, RCX=0x000001150adab198, RDX=0x000001150eb810b0
RSP=0x00000005dc8fe930, RBP=0x0000000000000003, RSI=0x0000000000000000, RDI=0x000001150eb810b0
R8 =0x0000000000000000, R9 =0x000001150eb810b0, R10=0x000001149ceb0000, R11=0x0000000000000001
R12=0x00000005dc8fead0, R13=0x000001150ebb3770, R14=0x000001250adab178, R15=0x0000000000000000
RIP=0x00007ffc1c8b3428, EFLAGS=0x0000000000010206


Register to memory mapping:

RAX=0x00000000ffffffff is an unknown value
RBX=0x000001150ef75420 points into unknown readable memory: 0x00007ffc1cd66a20 | 20 6a d6 1c fc 7f 00 00
RCX=0x000001150adab198 points into unknown readable memory: 0x000001150eb81860 | 60 18 b8 0e 15 01 00 00
RDX=0x000001150eb810b0 points into unknown readable memory: 0x000000000000021a | 1a 02 00 00 00 00 00 00
RSP=0x00000005dc8fe930 is pointing into the stack for thread: 0x000001149cdb8690
RBP=0x0000000000000003 is an unknown value
RSI=0x0 is null
RDI=0x000001150eb810b0 points into unknown readable memory: 0x000000000000021a | 1a 02 00 00 00 00 00 00
R8 =0x0 is null
R9 =0x000001150eb810b0 points into unknown readable memory: 0x000000000000021a | 1a 02 00 00 00 00 00 00
R10=0x000001149ceb0000 points into unknown readable memory: 0x0000000000000000 | 00 00 00 00 00 00 00 00
R11=0x0000000000000001 is an unknown value
R12=0x00000005dc8fead0 is pointing into the stack for thread: 0x000001149cdb8690
R13=0x000001150ebb3770 points into unknown readable memory: 0x0000010000000000 | 00 00 00 00 00 01 00 00
R14=0x000001250adab178 is an unknown value
R15=0x0 is null

Top of Stack: (sp=0x00000005dc8fe930)
0x00000005dc8fe930:   000001150ef75420 000001150ebb3770
0x00000005dc8fe940:   0000011500000002 000001150eeb4ef0
0x00000005dc8fe950:   ffffffffffffffff 0000000000000000
0x00000005dc8fe960:   0000561300000000 0000000000000000
0x00000005dc8fe970:   000001150ebb3770 00007ffc1cf6dc70
0x00000005dc8fe980:   0000000000000000 00000005dc8fe9e0
0x00000005dc8fe990:   000001150ed1aa68 00005bd7e0877b3e
0x00000005dc8fe9a0:   000001150eb78b90 00000005dc8feac0
0x00000005dc8fe9b0:   000001150eeaf6a8 00000005dc8fead0
0x00000005dc8fe9c0:   000001150eb81260 00007ffc1c8afdc4
0x00000005dc8fe9d0:   0000000000000000 000001150ef75420
0x00000005dc8fe9e0:   000001150ef75420 0000000000000000
0x00000005dc8fe9f0:   000001150eff2d00 00000005dc8fe900
0x00000005dc8fea00:   000001150eb77ed0 00007ffc1c632663
0x00000005dc8fea10:   000001150eb81230 000001150eb81140
0x00000005dc8fea20:   000001150ef75650 00007ffc1c8b82e2
0x00000005dc8fea30:   000001150eff2d80 00005bd7e0877bde
0x00000005dc8fea40:   000001150ebb3770 000001150eff2d58
0x00000005dc8fea50:   000001150eb81260 00000005dc8febd9
0x00000005dc8fea60:   0000000000000000 00007ffc1c8b4cdb
0x00000005dc8fea70:   000001150eeaf6a8 00005bd7e087781e
0x00000005dc8fea80:   00000005dc8febd9 000001150eff2d58
0x00000005dc8fea90:   000001150eff2d58 00007ffc1c630875
0x00000005dc8feaa0:   00005bd7e0877a6e 000001150eb81260
0x00000005dc8feab0:   00000005dc8fead0 00000005dc8feac0
0x00000005dc8feac0:   0000000000000000 000001150ebb3770
0x00000005dc8fead0:   000001150eb81260 000001150ebb3770
0x00000005dc8feae0:   0000000000000000 000001150ebb3770
0x00000005dc8feaf0:   0000000000000000 00007ffc1c3b41a0
0x00000005dc8feb00:   00000005dc8fecb8 00000005dc8febd9
0x00000005dc8feb10:   000001150eb81260 000001150ed1aa68
0x00000005dc8feb20:   000001150ed1aa68 000001150eb77ed0 

Instructions: (pc=0x00007ffc1c8b3428)
0x00007ffc1c8b3328:   4c 00 00 48 8b cb e8 ed 2a 00 00 48 8b c8 e8 e5
0x00007ffc1c8b3338:   f8 75 ff 48 8b c8 e8 1d ab 35 00 48 8b d0 48 8d
0x00007ffc1c8b3348:   4c 24 20 e8 b0 60 75 ff 90 48 8d 54 24 20 48 8d
0x00007ffc1c8b3358:   4c 24 40 e8 b0 71 82 ff 48 8d 15 21 d0 68 00 48
0x00007ffc1c8b3368:   8d 4c 24 40 e8 e7 1d 39 00 90 48 8b 15 cf 8c 69
0x00007ffc1c8b3378:   00 48 8d 4c 24 20 e8 7d 60 75 ff 90 48 8d 54 24
0x00007ffc1c8b3388:   20 48 8d 4c 24 40 e8 7d 71 82 ff 48 8d 15 ee cf
0x00007ffc1c8b3398:   68 00 48 8d 4c 24 40 e8 b4 1d 39 00 cc cc cc cc
0x00007ffc1c8b33a8:   cc cc cc cc cc cc cc cc 48 89 5c 24 18 48 89 6c
0x00007ffc1c8b33b8:   24 20 56 57 41 54 41 56 41 57 48 83 ec 70 48 8b
0x00007ffc1c8b33c8:   05 f3 8d 69 00 48 33 c4 48 89 44 24 68 4c 8b e2
0x00007ffc1c8b33d8:   48 8b d9 45 33 ff 66 90 48 8b 43 28 48 85 c0 0f
0x00007ffc1c8b33e8:   84 86 01 00 00 44 39 78 fc 0f 84 7c 01 00 00 48
0x00007ffc1c8b33f8:   8b 4b 08 e8 b0 aa 35 00 84 c0 75 0a 44 38 7b 11
0x00007ffc1c8b3408:   0f 85 30 02 00 00 48 8b 4b 28 48 85 c9 41 8b c7
0x00007ffc1c8b3418:   74 03 8b 41 fc 44 8d 70 ff 49 c1 e6 04 4c 03 f1
0x00007ffc1c8b3428:   49 8b 3e 8b ab a0 00 00 00 ff c5 89 ab a0 00 00
0x00007ffc1c8b3438:   00 48 8b b3 98 00 00 00 48 83 be d8 09 00 00 ff
0x00007ffc1c8b3448:   74 12 e8 41 08 35 00 48 3b 86 d8 09 00 00 0f 87
0x00007ffc1c8b3458:   31 02 00 00 3b ae 94 0a 00 00 0f 87 a3 01 00 00
0x00007ffc1c8b3468:   41 8b 46 08 a8 0c 0f 85 8c 00 00 00 83 f8 40 0f
0x00007ffc1c8b3478:   83 83 00 00 00 a8 01 74 7f 45 33 c0 48 8b d7 48
0x00007ffc1c8b3488:   8b 4b 20 e8 10 41 27 00 48 8b f0 48 85 c0 74 68
0x00007ffc1c8b3498:   ff 40 08 48 8b 43 38 48 85 c0 74 08 8b 48 f8 39
0x00007ffc1c8b34a8:   48 fc 75 09 48 8d 4b 38 e8 8b b1 75 ff 48 8b 4b
0x00007ffc1c8b34b8:   38 8b 41 fc 48 89 34 c1 48 8b 43 38 ff 40 fc 48
0x00007ffc1c8b34c8:   8b 43 28 ff 48 fc 48 3b fe 0f 84 09 ff ff ff 48
0x00007ffc1c8b34d8:   8b 53 28 48 85 d2 0f 84 fc fe ff ff 44 39 7a fc
0x00007ffc1c8b34e8:   0f 84 f2 fe ff ff 8b 4a fc ff c9 48 03 c9 83 4c
0x00007ffc1c8b34f8:   ca 08 02 e9 e0 fe ff ff 0f b7 4f 04 85 c9 74 34
0x00007ffc1c8b3508:   83 e9 01 74 18 83 f9 01 75 3d 4d 8b c6 48 8b d7
0x00007ffc1c8b3518:   48 8b cb e8 70 eb ff ff e9 bb fe ff ff 48 8b 43 


Stack slot to memory mapping:

stack at sp + 0 slots: 0x000001150ef75420 points into unknown readable memory: 0x00007ffc1cd66a20 | 20 6a d6 1c fc 7f 00 00
stack at sp + 1 slots: 0x000001150ebb3770 points into unknown readable memory: 0x0000010000000000 | 00 00 00 00 00 01 00 00
stack at sp + 2 slots: 0x0000011500000002 is an unknown value
stack at sp + 3 slots: 0x000001150eeb4ef0 points into unknown readable memory: 0x000001150ed1a720 | 20 a7 d1 0e 15 01 00 00
stack at sp + 4 slots: 0xffffffffffffffff is an unknown value
stack at sp + 5 slots: 0x0 is null
stack at sp + 6 slots: 0x0000561300000000 is an unknown value
stack at sp + 7 slots: 0x0 is null

Lock stack of current Java thread (top to bottom):

native method entry point (kind = native)  [0x00000114ae73cde0, 0x00000114ae73d938]  2904 bytes
[MachCode]
  0x00000114ae73cde0: 488b 4b08 | 0fb7 492e | 584c 8d74 | ccf8 6800 | 0000 0068 | 0000 0000 | 5055 488b | ec41 5568 
  0x00000114ae73ce00: 0000 0000 | 4c8b 6b08 | 4d8d 6d38 | 5348 8b53 | 0848 8b52 | 0848 8b52 | 1848 8b52 | 7048 8b12 
  0x00000114ae73ce20: 5248 8b53 | 1048 85d2 | 0f84 0700 | 0000 4881 | c210 0100 | 0052 488b | 5308 488b | 5208 488b 
  0x00000114ae73ce40: 5210 5249 | 8bc6 482b | c548 c1e8 | 0350 6800 | 0000 0068 | f7ff ffff | 41c6 8771 | 0400 0001 
  0x00000114ae73ce60: 488b 4310 | 4885 c074 | 208b 88cc | 0000 0083 | c102 8988 | cc00 0000 | 2388 e000 | 0000 0f84 
  0x00000114ae73ce80: 000a 0000 | e9cf 0000 | 0048 8b43 | 1848 85c0 | 0f85 b000 | 0000 e805 | 0000 00e9 | 9900 0000 
  0x00000114ae73cea0: 488b d348 | 8d44 2408 | 4c89 6dc0 | 498b cfc5 | f877 4989 | afb0 0300 | 0049 8987 | a003 0000 
  0x00000114ae73cec0: 4883 ec20 | 40f6 c40f | 0f84 1900 | 0000 4883 | ec08 48b8 | 9026 7321 | fc7f 0000 | ffd0 4883 
  0x00000114ae73cee0: c408 e90c | 0000 0048 | b890 2673 | 21fc 7f00 | 00ff d048 | 83c4 2049 | c787 a003 | 0000 0000 
  0x00000114ae73cf00: 0000 49c7 | 87b0 0300 | 0000 0000 | 0049 c787 | a803 0000 | 0000 0000 | c5f8 7749 | 837f 0800 
  0x00000114ae73cf20: 0f84 0500 | 0000 e995 | 3fff ff4c | 8b6d c04c | 8b75 c84e | 8d74 f500 | c348 8b43 | 1848 85c0 
  0x00000114ae73cf40: 0f84 1200 | 0000 8b48 | 0883 c102 | 8948 0823 | 481c 0f84 | 2c09 0000 | 493b a7e8 | 0400 000f 
  0x00000114ae73cf60: 8748 0000 | 0089 8424 | 00f0 ffff | 8984 2400 | e0ff ff89 | 8424 00d0 | ffff 8984 | 2400 c0ff 
  0x00000114ae73cf80: ff89 8424 | 00b0 ffff | 8984 2400 | a0ff ff89 | 8424 0090 | ffff 8984 | 2400 80ff | ff49 3ba7 
  0x00000114ae73cfa0: e004 0000 | 7607 4989 | a7e8 0400 | 0041 c687 | 7104 0000 | 0049 ba41 | adfa 21fc | 7f00 0041 
  0x00000114ae73cfc0: 803a 000f | 843e 0000 | 0048 8b55 | e849 8bcf | 4883 ec20 | 40f6 c40f | 0f84 1900 | 0000 4883 
  0x00000114ae73cfe0: ec08 48b8 | 10ee aa21 | fc7f 0000 | ffd0 4883 | c408 e90c | 0000 0048 | b810 eeaa | 21fc 7f00 
  0x00000114ae73d000: 00ff d048 | 83c4 2048 | 8b5d e84c | 8b5b 0845 | 0fb7 5b2e | 41c1 e303 | 492b e348 | 83ec 2048 
  0x00000114ae73d020: 83e4 f04c | 8b5b 604d | 85db 0f85 | ab00 0000 | e805 0000 | 00e9 9900 | 0000 488b | d348 8d44 
  0x00000114ae73d040: 2408 4c89 | 6dc0 498b | cfc5 f877 | 4989 afb0 | 0300 0049 | 8987 a003 | 0000 4883 | ec20 40f6 
  0x00000114ae73d060: c40f 0f84 | 1900 0000 | 4883 ec08 | 48b8 f04d | 7321 fc7f | 0000 ffd0 | 4883 c408 | e90c 0000 
  0x00000114ae73d080: 0048 b8f0 | 4d73 21fc | 7f00 00ff | d048 83c4 | 2049 c787 | a003 0000 | 0000 0000 | 49c7 87b0 
  0x00000114ae73d0a0: 0300 0000 | 0000 0049 | c787 a803 | 0000 0000 | 0000 c5f8 | 7749 837f | 0800 0f84 | 0500 0000 
  0x00000114ae73d0c0: e9fb 3dff | ff4c 8b6d | c04c 8b75 | c84e 8d74 | f500 c348 | 8b5d e84c | 8b5b 6041 | ffd3 488b 
  0x00000114ae73d0e0: 5de8 4889 | 4518 448b | 5b28 41f6 | c308 0f84 | 1b00 0000 | 4c8b 5b08 | 4d8b 5b08 | 4d8b 5b18 
  0x00000114ae73d100: 4d8b 5b70 | 4d8b 1b4c | 895d 1048 | 8d55 1048 | 8b43 5849 | ba60 3cab | 21fc 7f00 | 0049 3bc2 
  0x00000114ae73d120: 0f85 ab00 | 0000 e805 | 0000 00e9 | 9900 0000 | 488b d348 | 8d44 2408 | 4c89 6dc0 | 498b cfc5 
  0x00000114ae73d140: f877 4989 | afb0 0300 | 0049 8987 | a003 0000 | 4883 ec20 | 40f6 c40f | 0f84 1900 | 0000 4883 
  0x00000114ae73d160: ec08 48b8 | f04d 7321 | fc7f 0000 | ffd0 4883 | c408 e90c | 0000 0048 | b8f0 4d73 | 21fc 7f00 
  0x00000114ae73d180: 00ff d048 | 83c4 2049 | c787 a003 | 0000 0000 | 0000 49c7 | 87b0 0300 | 0000 0000 | 0049 c787 
  0x00000114ae73d1a0: a803 0000 | 0000 0000 | c5f8 7749 | 837f 0800 | 0f84 0500 | 0000 e905 | 3dff ff4c | 8b6d c04c 
  0x00000114ae73d1c0: 8b75 c84e | 8d74 f500 | c348 8b5d | e848 8b43 | 5849 8d8f | c003 0000 | c5f8 7749 | 89af b003 
  0x00000114ae73d1e0: 0000 49ba | d8d1 73ae | 1401 0000 | 4d89 97a8 | 0300 0049 | 89a7 a003 | 0000 41c7 | 8744 0400 
  0x00000114ae73d200: 0004 0000 | 00ff d0c5 | f877 4883 | ec10 c5fb | 1104 2448 | 83ec 1048 | 8904 2448 | c744 2408 
  0x00000114ae73d220: 0000 0000 | 41c7 8744 | 0400 0005 | 0000 00f0 | 8344 24c0 | 0049 3baf | 4804 0000 | 0f87 0e00 
  0x00000114ae73d240: 0000 4183 | bf40 0400 | 0000 0f84 | 2000 0000 | 498b cf4c | 8be4 4883 | ec20 4883 | e4f0 48b8 
  0x00000114ae73d260: 90a9 7421 | fc7f 0000 | ffd0 498b | e44d 33e4 | 41c7 8744 | 0400 0008 | 0000 0049 | c787 a003 
  0x00000114ae73d280: 0000 0000 | 0000 49c7 | 87b0 0300 | 0000 0000 | 0049 c787 | a803 0000 | 0000 0000 | c5f8 774d 
  0x00000114ae73d2a0: 8b9f 3004 | 0000 41c7 | 8300 0100 | 0000 0000 | 0049 bbda | a573 ae14 | 0100 004c | 3b5d 180f 
  0x00000114ae73d2c0: 8524 0200 | 0048 8b04 | 2448 83c4 | 1048 85c0 | 0f84 fe01 | 0000 a803 | 0f85 0800 | 0000 488b 
  0x00000114ae73d2e0: 00e9 ee01 | 0000 a801 | 0f85 0900 | 0000 488b | 40fe e9dd | 0100 0048 | 8b40 ff41 | 807f 3800 
  0x00000114ae73d300: 0f84 ce01 | 0000 4883 | f800 0f84 | c401 0000 | 4d8b 5f28 | 4983 fb00 | 0f84 1400 | 0000 4983 
  0x00000114ae73d320: eb08 4d89 | 5f28 4d03 | 5f30 4989 | 03e9 a201 | 0000 4881 | ecd0 0000 | 0048 8904 | 2448 894c 
  0x00000114ae73d340: 2408 4889 | 5424 1048 | 8974 2418 | 4889 7c24 | 204c 8944 | 2428 4c89 | 4c24 304c | 8954 2438 
  0x00000114ae73d360: 4c89 5c24 | 40c5 fb11 | 4424 50c5 | fb11 4c24 | 58c5 fb11 | 5424 60c5 | fb11 5c24 | 68c5 fb11 
  0x00000114ae73d380: 6424 70c5 | fb11 6c24 | 78c5 fb11 | b424 8000 | 0000 c5fb | 11bc 2488 | 0000 00c5 | 7b11 8424 
  0x00000114ae73d3a0: 9000 0000 | c57b 118c | 2498 0000 | 00c5 7b11 | 9424 a000 | 0000 c57b | 119c 24a8 | 0000 00c5 
  0x00000114ae73d3c0: 7b11 a424 | b000 0000 | c57b 11ac | 24b8 0000 | 00c5 7b11 | b424 c000 | 0000 c57b | 11bc 24c8 
  0x00000114ae73d3e0: 0000 0049 | 8bd7 488b | c848 83ec | 2040 f6c4 | 0f0f 8419 | 0000 0048 | 83ec 0848 | b8e0 0768 
  0x00000114ae73d400: 21fc 7f00 | 00ff d048 | 83c4 08e9 | 0c00 0000 | 48b8 e007 | 6821 fc7f | 0000 ffd0 | 4883 c420 
  0x00000114ae73d420: c57b 10bc | 24c8 0000 | 00c5 7b10 | b424 c000 | 0000 c57b | 10ac 24b8 | 0000 00c5 | 7b10 a424 
  0x00000114ae73d440: b000 0000 | c57b 109c | 24a8 0000 | 00c5 7b10 | 9424 a000 | 0000 c57b | 108c 2498 | 0000 00c5 
  0x00000114ae73d460: 7b10 8424 | 9000 0000 | c5fb 10bc | 2488 0000 | 00c5 fb10 | b424 8000 | 0000 c5fb | 106c 2478 
  0x00000114ae73d480: c5fb 1064 | 2470 c5fb | 105c 2468 | c5fb 1054 | 2460 c5fb | 104c 2458 | c5fb 1044 | 2450 4c8b 
  0x00000114ae73d4a0: 5c24 404c | 8b54 2438 | 4c8b 4c24 | 304c 8b44 | 2428 488b | 7c24 2048 | 8b74 2418 | 488b 5424 
  0x00000114ae73d4c0: 1048 8b4c | 2408 488b | 0424 4881 | c4d0 0000 | 00c5 f877 | 4889 4510 | 4883 ec10 | 4889 0424 
  0x00000114ae73d4e0: 48c7 4424 | 0800 0000 | 0041 83bf | c804 0000 | 020f 85bf | 0000 0048 | 81ec 8000 | 0000 4889 
  0x00000114ae73d500: 4424 7848 | 894c 2470 | 4889 5424 | 6848 895c | 2460 4889 | 6c24 5048 | 8974 2448 | 4889 7c24 
  0x00000114ae73d520: 404c 8944 | 2438 4c89 | 4c24 304c | 8954 2428 | 4c89 5c24 | 204c 8964 | 2418 4c89 | 6c24 104c 
  0x00000114ae73d540: 8974 2408 | 4c89 3c24 | 4c8b e448 | 83ec 2048 | 83e4 f048 | b8c0 22ab | 21fc 7f00 | 00ff d049 
  0x00000114ae73d560: 8be4 4c8b | 3c24 4c8b | 7424 084c | 8b6c 2410 | 4c8b 6424 | 184c 8b5c | 2420 4c8b | 5424 284c 
  0x00000114ae73d580: 8b4c 2430 | 4c8b 4424 | 3848 8b7c | 2440 488b | 7424 4848 | 8b6c 2450 | 488b 5c24 | 6048 8b54 
  0x00000114ae73d5a0: 2468 488b | 4c24 7048 | 8b44 2478 | 4881 c480 | 0000 004d | 33e4 488b | 5de8 4c8b | 6b08 4d8d 
  0x00000114ae73d5c0: 6d38 4983 | 7f08 000f | 84bb 0000 | 00e8 0500 | 0000 e996 | 0000 0048 | 8d44 2408 | 4c89 6dc0 
  0x00000114ae73d5e0: 498b cfc5 | f877 4989 | afb0 0300 | 0049 8987 | a003 0000 | 4883 ec20 | 40f6 c40f | 0f84 1900 
  0x00000114ae73d600: 0000 4883 | ec08 48b8 | 006c 7321 | fc7f 0000 | ffd0 4883 | c408 e90c | 0000 0048 | b800 6c73 
  0x00000114ae73d620: 21fc 7f00 | 00ff d048 | 83c4 2049 | c787 a003 | 0000 0000 | 0000 49c7 | 87b0 0300 | 0000 0000 
  0x00000114ae73d640: 0049 c787 | a803 0000 | 0000 0000 | c5f8 7749 | 837f 0800 | 0f84 0500 | 0000 e961 | 38ff ff4c 
  0x00000114ae73d660: 8b6d c04c | 8b75 c84e | 8d74 f500 | c348 b930 | d5d2 21fc | 7f00 0048 | 83e4 f048 | b870 4a99 
  0x00000114ae73d680: 21fc 7f00 | 00ff d0f4 | 448b 5b28 | 41f6 c320 | 0f84 7901 | 0000 488d | 55a8 4c8b | 5a08 4d85 
  0x00000114ae73d6a0: db0f 85bb | 0000 00e8 | 0500 0000 | e996 0000 | 0048 8d44 | 2408 4c89 | 6dc0 498b | cfc5 f877 
  0x00000114ae73d6c0: 4989 afb0 | 0300 0049 | 8987 a003 | 0000 4883 | ec20 40f6 | c40f 0f84 | 1900 0000 | 4883 ec08 
  0x00000114ae73d6e0: 48b8 306b | 7321 fc7f | 0000 ffd0 | 4883 c408 | e90c 0000 | 0048 b830 | 6b73 21fc | 7f00 00ff 
  0x00000114ae73d700: d048 83c4 | 2049 c787 | a003 0000 | 0000 0000 | 49c7 87b0 | 0300 0000 | 0000 0049 | c787 a803 
  0x00000114ae73d720: 0000 0000 | 0000 c5f8 | 7749 837f | 0800 0f84 | 0500 0000 | e987 37ff | ff4c 8b6d | c04c 8b75 
  0x00000114ae73d740: c84e 8d74 | f500 c348 | b930 d5d2 | 21fc 7f00 | 0048 83e4 | f048 b870 | 4a99 21fc | 7f00 00ff 
  0x00000114ae73d760: d0f4 4c89 | 6dc0 4c8b | 4a08 48c7 | 4208 0000 | 0000 458b | 8718 0600 | 004f 3b4c | 07f8 0f85 
  0x00000114ae73d780: 4900 0000 | 4183 af18 | 0600 0008 | 4f3b 4c07 | f00f 842a | 0000 0049 | 8b01 a802 | 0f85 1200 
  0x00000114ae73d7a0: 0000 4c8b | c049 83c8 | 01f0 4d0f | b101 0f84 | 0d00 0000 | 4183 8718 | 0600 0008 | e90c 0000 
  0x00000114ae73d7c0: 0049 ff8f | 5005 0000 | e93e 0000 | 004c 894a | 0848 8bca | 4883 ec20 | 40f6 c40f | 0f84 1900 
  0x00000114ae73d7e0: 0000 4883 | ec08 48b8 | f03d 7321 | fc7f 0000 | ffd0 4883 | c408 e90c | 0000 0048 | b8f0 3d73 
  0x00000114ae73d800: 21fc 7f00 | 00ff d048 | 83c4 204c | 8b6d c049 | ba41 adfa | 21fc 7f00 | 0041 803a | 000f 843e 
  0x00000114ae73d820: 0000 0048 | 8b55 e849 | 8bcf 4883 | ec20 40f6 | c40f 0f84 | 1900 0000 | 4883 ec08 | 48b8 10ee 
  0x00000114ae73d840: aa21 fc7f | 0000 ffd0 | 4883 c408 | e90c 0000 | 0048 b810 | eeaa 21fc | 7f00 00ff | d048 83c4 
  0x00000114ae73d860: 2048 8b04 | 2448 83c4 | 10c5 fb10 | 0424 4883 | c410 4c8b | 5d18 41ff | d34c 8b5d | f8c9 5f49 
  0x00000114ae73d880: 8be3 ffe7 | ba00 0000 | 00e8 0500 | 0000 e996 | 0000 0048 | 8d44 2408 | 4c89 6dc0 | 498b cfc5 
  0x00000114ae73d8a0: f877 4989 | afb0 0300 | 0049 8987 | a003 0000 | 4883 ec20 | 40f6 c40f | 0f84 1900 | 0000 4883 
  0x00000114ae73d8c0: ec08 48b8 | a031 7321 | fc7f 0000 | ffd0 4883 | c408 e90c | 0000 0048 | b8a0 3173 | 21fc 7f00 
  0x00000114ae73d8e0: 00ff d048 | 83c4 2049 | c787 a003 | 0000 0000 | 0000 49c7 | 87b0 0300 | 0000 0000 | 0049 c787 
  0x00000114ae73d900: a803 0000 | 0000 0000 | c5f8 7749 | 837f 0800 | 0f84 0500 | 0000 e9a5 | 35ff ff4c | 8b6d c04c 
  0x00000114ae73d920: 8b75 c84e | 8d74 f500 | c348 8b5d | e8e9 26f6 | ffff 660f | 1f44 0000 
[/MachCode]

---------------  P R O C E S S  ---------------

Threads class SMR info:
_java_thread_list=0x000001150f152a60, length=32, elements={
0x000001149cdb8690, 0x00000114c4327e50, 0x00000114c4329270, 0x00000114c432d7f0,
0x00000114c432e5a0, 0x00000114c432f000, 0x00000114c432fb90, 0x00000114c4332750,
0x00000114c434b350, 0x00000114c442a6c0, 0x00000114c44ce400, 0x00000114c44d6050,
0x00000114c44d6c20, 0x00000114c44e2940, 0x00000114c47565e0, 0x00000114c4637480,
0x000001150f204c90, 0x000001150f206320, 0x000001150f14f8a0, 0x000001150f213d50,
0x000001150f2171d0, 0x000001150f2143e0, 0x000001150f215e20, 0x000001150f2164b0,
0x000001150f216b40, 0x000001150f214a70, 0x000001150f215100, 0x000001150f215790,
0x000001150f1a3320, 0x000001150f1a39b0, 0x000001150f1a4040, 0x000001150f1a2c90
}

Java Threads: ( => current thread )
=>0x000001149cdb8690 JavaThread "main"                              [_thread_in_native, id=18548, stack(0x00000005dc800000,0x00000005dc900000) (1024K)]
  0x00000114c4327e50 JavaThread "Reference Handler"          daemon [_thread_blocked, id=31540, stack(0x00000005dd000000,0x00000005dd100000) (1024K)]
  0x00000114c4329270 JavaThread "Finalizer"                  daemon [_thread_blocked, id=29904, stack(0x00000005dd100000,0x00000005dd200000) (1024K)]
  0x00000114c432d7f0 JavaThread "Signal Dispatcher"          daemon [_thread_blocked, id=29656, stack(0x00000005dd200000,0x00000005dd300000) (1024K)]
  0x00000114c432e5a0 JavaThread "Attach Listener"            daemon [_thread_blocked, id=21220, stack(0x00000005dd300000,0x00000005dd400000) (1024K)]
  0x00000114c432f000 JavaThread "Service Thread"             daemon [_thread_blocked, id=30544, stack(0x00000005dd400000,0x00000005dd500000) (1024K)]
  0x00000114c432fb90 JavaThread "Monitor Deflation Thread"   daemon [_thread_blocked, id=18260, stack(0x00000005dd500000,0x00000005dd600000) (1024K)]
  0x00000114c4332750 JavaThread "C2 CompilerThread0"         daemon [_thread_blocked, id=30012, stack(0x00000005dd600000,0x00000005dd700000) (1024K)]
  0x00000114c434b350 JavaThread "C1 CompilerThread0"         daemon [_thread_blocked, id=27896, stack(0x00000005dd700000,0x00000005dd800000) (1024K)]
  0x00000114c442a6c0 JavaThread "C1 CompilerThread1"         daemon [_thread_blocked, id=13812, stack(0x00000005dd800000,0x00000005dd900000) (1024K)]
  0x00000114c44ce400 JavaThread "Common-Cleaner"             daemon [_thread_blocked, id=23868, stack(0x00000005dd900000,0x00000005dda00000) (1024K)]
  0x00000114c44d6050 JavaThread "C1 CompilerThread2"         daemon [_thread_blocked, id=29560, stack(0x00000005dda00000,0x00000005ddb00000) (1024K)]
  0x00000114c44d6c20 JavaThread "C1 CompilerThread3"         daemon [_thread_blocked, id=30880, stack(0x00000005ddb00000,0x00000005ddc00000) (1024K)]
  0x00000114c44e2940 JavaThread "C2 CompilerThread1"         daemon [_thread_blocked, id=31396, stack(0x00000005ddc00000,0x00000005ddd00000) (1024K)]
  0x00000114c47565e0 JavaThread "Monitor Ctrl-Break"         daemon [_thread_in_native, id=30248, stack(0x00000005ddd00000,0x00000005dde00000) (1024K)]
  0x00000114c4637480 JavaThread "Notification Thread"        daemon [_thread_blocked, id=31196, stack(0x00000005dde00000,0x00000005ddf00000) (1024K)]
  0x000001150f204c90 JavaThread "DefaultDispatcher-worker-1" daemon [_thread_in_native, id=31268, stack(0x00000005deb00000,0x00000005dec00000) (1024K)]
  0x000001150f206320 JavaThread "DefaultDispatcher-worker-2" daemon [_thread_in_native, id=20248, stack(0x00000005dec00000,0x00000005ded00000) (1024K)]
  0x000001150f14f8a0 JavaThread "DefaultDispatcher-worker-3" daemon [_thread_in_native, id=31276, stack(0x00000005ded00000,0x00000005dee00000) (1024K)]
  0x000001150f213d50 JavaThread "DefaultDispatcher-worker-4" daemon [_thread_in_native, id=29136, stack(0x00000005dee00000,0x00000005def00000) (1024K)]
  0x000001150f2171d0 JavaThread "DefaultDispatcher-worker-5" daemon [_thread_in_native, id=31448, stack(0x00000005def00000,0x00000005df000000) (1024K)]
  0x000001150f2143e0 JavaThread "DefaultDispatcher-worker-6" daemon [_thread_in_native, id=31680, stack(0x00000005df000000,0x00000005df100000) (1024K)]
  0x000001150f215e20 JavaThread "DefaultDispatcher-worker-7" daemon [_thread_in_native, id=2212, stack(0x00000005df200000,0x00000005df300000) (1024K)]
  0x000001150f2164b0 JavaThread "DefaultDispatcher-worker-8" daemon [_thread_in_native, id=20616, stack(0x00000005df300000,0x00000005df400000) (1024K)]
  0x000001150f216b40 JavaThread "DefaultDispatcher-worker-9" daemon [_thread_in_native, id=27096, stack(0x00000005df400000,0x00000005df500000) (1024K)]
  0x000001150f214a70 JavaThread "DefaultDispatcher-worker-10" daemon [_thread_in_native, id=13344, stack(0x00000005df500000,0x00000005df600000) (1024K)]
  0x000001150f215100 JavaThread "DefaultDispatcher-worker-11" daemon [_thread_in_native, id=14896, stack(0x00000005df900000,0x00000005dfa00000) (1024K)]
  0x000001150f215790 JavaThread "DefaultDispatcher-worker-12" daemon [_thread_in_native, id=30628, stack(0x00000005dfa00000,0x00000005dfb00000) (1024K)]
  0x000001150f1a3320 JavaThread "DefaultDispatcher-worker-13" daemon [_thread_in_native, id=28248, stack(0x00000005dfc00000,0x00000005dfd00000) (1024K)]
  0x000001150f1a39b0 JavaThread "DefaultDispatcher-worker-14" daemon [_thread_in_native, id=20224, stack(0x00000005dfe00000,0x00000005dff00000) (1024K)]
  0x000001150f1a4040 JavaThread "DefaultDispatcher-worker-15" daemon [_thread_in_native, id=30832, stack(0x00000005e0100000,0x00000005e0200000) (1024K)]
  0x000001150f1a2c90 JavaThread "DefaultDispatcher-worker-16" daemon [_thread_in_native, id=23672, stack(0x00000005e0200000,0x00000005e0300000) (1024K)]
Total: 32

Other Threads:
  0x00000114c430d4b0 VMThread "VM Thread"                           [id=14736, stack(0x00000005dcf00000,0x00000005dd000000) (1024K)]
  0x00000114c15265a0 WatcherThread "VM Periodic Task Thread"        [id=31084, stack(0x00000005dce00000,0x00000005dcf00000) (1024K)]
  0x000001149ea66790 WorkerThread "GC Thread#0"                     [id=30204, stack(0x00000005dc900000,0x00000005dca00000) (1024K)]
  0x000001150a1ca760 WorkerThread "GC Thread#1"                     [id=26260, stack(0x00000005ddf00000,0x00000005de000000) (1024K)]
  0x000001150a1e3490 WorkerThread "GC Thread#2"                     [id=24904, stack(0x00000005de000000,0x00000005de100000) (1024K)]
  0x000001150a1e3840 WorkerThread "GC Thread#3"                     [id=31144, stack(0x00000005de100000,0x00000005de200000) (1024K)]
  0x000001150a1e3bf0 WorkerThread "GC Thread#4"                     [id=31668, stack(0x00000005de200000,0x00000005de300000) (1024K)]
  0x000001150a1e43b0 WorkerThread "GC Thread#5"                     [id=30864, stack(0x00000005de300000,0x00000005de400000) (1024K)]
  0x000001150a1df470 WorkerThread "GC Thread#6"                     [id=5888, stack(0x00000005de400000,0x00000005de500000) (1024K)]
  0x000001150a1dfca0 WorkerThread "GC Thread#7"                     [id=30896, stack(0x00000005de500000,0x00000005de600000) (1024K)]
  0x000001150a1e0050 WorkerThread "GC Thread#8"                     [id=20232, stack(0x00000005de600000,0x00000005de700000) (1024K)]
  0x000001150a2244e0 WorkerThread "GC Thread#9"                     [id=30904, stack(0x00000005de700000,0x00000005de800000) (1024K)]
  0x000001150a224890 WorkerThread "GC Thread#10"                    [id=23200, stack(0x00000005de800000,0x00000005de900000) (1024K)]
  0x000001150a1fd8f0 WorkerThread "GC Thread#11"                    [id=18896, stack(0x00000005de900000,0x00000005dea00000) (1024K)]
  0x000001149ea7b6f0 ConcurrentGCThread "G1 Main Marker"            [id=4876, stack(0x00000005dca00000,0x00000005dcb00000) (1024K)]
  0x000001149ea7df30 WorkerThread "G1 Conc#0"                       [id=10396, stack(0x00000005dcb00000,0x00000005dcc00000) (1024K)]
  0x00000114c13e6310 ConcurrentGCThread "G1 Refine#0"               [id=26416, stack(0x00000005dcc00000,0x00000005dcd00000) (1024K)]
  0x00000114c13e8c50 ConcurrentGCThread "G1 Service"                [id=26284, stack(0x00000005dcd00000,0x00000005dce00000) (1024K)]
Total: 18

Threads with active compile tasks:
Total: 0

VM state: not at safepoint (normal execution)

VM Mutex/Monitor currently owned by a thread: None

Heap address: 0x0000000601000000, size: 8176 MB, Compressed Oops mode: Zero based, Oop shift amount: 3

CDS archive(s) mapped at: [0x00000114c5000000-0x00000114c5d70000-0x00000114c5d70000), size 14090240, SharedBaseAddress: 0x00000114c5000000, ArchiveRelocationMode: 1.
Compressed class space mapped at: 0x00000114c6000000-0x0000011506000000, reserved size: 1073741824
Narrow klass base: 0x00000114c5000000, Narrow klass shift: 0, Narrow klass range: 0x41000000

GC Precious Log:
 CardTable entry size: 512
 Card Set container configuration: InlinePtr #cards 4 size 8 Array Of Cards #cards 32 size 80 Howl #buckets 8 coarsen threshold 7372 Howl Bitmap #cards 1024 size 144 coarsen threshold 921 Card regions per heap region 1 cards per card region 8192
 CPUs: 16 total, 16 available
 Memory: 32689M
 Large Page Support: Disabled
 NUMA Support: Disabled
 Compressed Oops: Enabled (Zero based)
 Heap Region Size: 4M
 Heap Min Capacity: 8M
 Heap Initial Capacity: 512M
 Heap Max Capacity: 8176M
 Pre-touch: Disabled
 Parallel Workers: 13
 Concurrent Workers: 3
 Concurrent Refinement Workers: 13
 Periodic GC: Disabled

Heap:
 garbage-first heap   total reserved 8372224K, committed 524288K, used 12715K [0x0000000601000000, 0x0000000800000000)
  region size 4096K, 4 young (16384K), 1 survivors (4096K)
 Metaspace       used 9501K, committed 9600K, reserved 1114112K
  class space    used 808K, committed 832K, reserved 1048576K

Heap Regions: E=young(eden), S=young(survivor), O=old, HS=humongous(starts), HC=humongous(continues), CS=collection set, F=free, TAMS=top-at-mark-start, PB=parsable bottom
|   0|0x0000000601000000, 0x000000060106ae38, 0x0000000601400000| 10%| O|  |TAMS 0x0000000601000000| PB 0x0000000601000000| Untracked |  0
|   1|0x0000000601400000, 0x0000000601400000, 0x0000000601800000|  0%| F|  |TAMS 0x0000000601400000| PB 0x0000000601400000| Untracked |  0
|   2|0x0000000601800000, 0x0000000601800000, 0x0000000601c00000|  0%| F|  |TAMS 0x0000000601800000| PB 0x0000000601800000| Untracked |  0
|   3|0x0000000601c00000, 0x0000000601c00000, 0x0000000602000000|  0%| F|  |TAMS 0x0000000601c00000| PB 0x0000000601c00000| Untracked |  0
|   4|0x0000000602000000, 0x0000000602000000, 0x0000000602400000|  0%| F|  |TAMS 0x0000000602000000| PB 0x0000000602000000| Untracked |  0
|   5|0x0000000602400000, 0x0000000602400000, 0x0000000602800000|  0%| F|  |TAMS 0x0000000602400000| PB 0x0000000602400000| Untracked |  0
|   6|0x0000000602800000, 0x0000000602800000, 0x0000000602c00000|  0%| F|  |TAMS 0x0000000602800000| PB 0x0000000602800000| Untracked |  0
|   7|0x0000000602c00000, 0x0000000602c00000, 0x0000000603000000|  0%| F|  |TAMS 0x0000000602c00000| PB 0x0000000602c00000| Untracked |  0
|   8|0x0000000603000000, 0x0000000603000000, 0x0000000603400000|  0%| F|  |TAMS 0x0000000603000000| PB 0x0000000603000000| Untracked |  0
|   9|0x0000000603400000, 0x0000000603400000, 0x0000000603800000|  0%| F|  |TAMS 0x0000000603400000| PB 0x0000000603400000| Untracked |  0
|  10|0x0000000603800000, 0x0000000603800000, 0x0000000603c00000|  0%| F|  |TAMS 0x0000000603800000| PB 0x0000000603800000| Untracked |  0
|  11|0x0000000603c00000, 0x0000000603c00000, 0x0000000604000000|  0%| F|  |TAMS 0x0000000603c00000| PB 0x0000000603c00000| Untracked |  0
|  12|0x0000000604000000, 0x0000000604000000, 0x0000000604400000|  0%| F|  |TAMS 0x0000000604000000| PB 0x0000000604000000| Untracked |  0
|  13|0x0000000604400000, 0x0000000604400000, 0x0000000604800000|  0%| F|  |TAMS 0x0000000604400000| PB 0x0000000604400000| Untracked |  0
|  14|0x0000000604800000, 0x0000000604800000, 0x0000000604c00000|  0%| F|  |TAMS 0x0000000604800000| PB 0x0000000604800000| Untracked |  0
|  15|0x0000000604c00000, 0x0000000604c00000, 0x0000000605000000|  0%| F|  |TAMS 0x0000000604c00000| PB 0x0000000604c00000| Untracked |  0
|  16|0x0000000605000000, 0x0000000605000000, 0x0000000605400000|  0%| F|  |TAMS 0x0000000605000000| PB 0x0000000605000000| Untracked |  0
|  17|0x0000000605400000, 0x0000000605400000, 0x0000000605800000|  0%| F|  |TAMS 0x0000000605400000| PB 0x0000000605400000| Untracked |  0
|  18|0x0000000605800000, 0x0000000605800000, 0x0000000605c00000|  0%| F|  |TAMS 0x0000000605800000| PB 0x0000000605800000| Untracked |  0
|  19|0x0000000605c00000, 0x0000000605c00000, 0x0000000606000000|  0%| F|  |TAMS 0x0000000605c00000| PB 0x0000000605c00000| Untracked |  0
|  20|0x0000000606000000, 0x0000000606000000, 0x0000000606400000|  0%| F|  |TAMS 0x0000000606000000| PB 0x0000000606000000| Untracked |  0
|  21|0x0000000606400000, 0x0000000606400000, 0x0000000606800000|  0%| F|  |TAMS 0x0000000606400000| PB 0x0000000606400000| Untracked |  0
|  22|0x0000000606800000, 0x0000000606800000, 0x0000000606c00000|  0%| F|  |TAMS 0x0000000606800000| PB 0x0000000606800000| Untracked |  0
|  23|0x0000000606c00000, 0x0000000606c00000, 0x0000000607000000|  0%| F|  |TAMS 0x0000000606c00000| PB 0x0000000606c00000| Untracked |  0
|  24|0x0000000607000000, 0x0000000607000000, 0x0000000607400000|  0%| F|  |TAMS 0x0000000607000000| PB 0x0000000607000000| Untracked |  0
|  25|0x0000000607400000, 0x0000000607400000, 0x0000000607800000|  0%| F|  |TAMS 0x0000000607400000| PB 0x0000000607400000| Untracked |  0
|  26|0x0000000607800000, 0x0000000607800000, 0x0000000607c00000|  0%| F|  |TAMS 0x0000000607800000| PB 0x0000000607800000| Untracked |  0
|  27|0x0000000607c00000, 0x0000000607c00000, 0x0000000608000000|  0%| F|  |TAMS 0x0000000607c00000| PB 0x0000000607c00000| Untracked |  0
|  28|0x0000000608000000, 0x0000000608000000, 0x0000000608400000|  0%| F|  |TAMS 0x0000000608000000| PB 0x0000000608000000| Untracked |  0
|  29|0x0000000608400000, 0x0000000608400000, 0x0000000608800000|  0%| F|  |TAMS 0x0000000608400000| PB 0x0000000608400000| Untracked |  0
|  30|0x0000000608800000, 0x0000000608800000, 0x0000000608c00000|  0%| F|  |TAMS 0x0000000608800000| PB 0x0000000608800000| Untracked |  0
|  31|0x0000000608c00000, 0x0000000608c00000, 0x0000000609000000|  0%| F|  |TAMS 0x0000000608c00000| PB 0x0000000608c00000| Untracked |  0
|  32|0x0000000609000000, 0x0000000609000000, 0x0000000609400000|  0%| F|  |TAMS 0x0000000609000000| PB 0x0000000609000000| Untracked |  0
|  33|0x0000000609400000, 0x0000000609400000, 0x0000000609800000|  0%| F|  |TAMS 0x0000000609400000| PB 0x0000000609400000| Untracked |  0
|  34|0x0000000609800000, 0x0000000609800000, 0x0000000609c00000|  0%| F|  |TAMS 0x0000000609800000| PB 0x0000000609800000| Untracked |  0
|  35|0x0000000609c00000, 0x0000000609c00000, 0x000000060a000000|  0%| F|  |TAMS 0x0000000609c00000| PB 0x0000000609c00000| Untracked |  0
|  36|0x000000060a000000, 0x000000060a000000, 0x000000060a400000|  0%| F|  |TAMS 0x000000060a000000| PB 0x000000060a000000| Untracked |  0
|  37|0x000000060a400000, 0x000000060a400000, 0x000000060a800000|  0%| F|  |TAMS 0x000000060a400000| PB 0x000000060a400000| Untracked |  0
|  38|0x000000060a800000, 0x000000060a800000, 0x000000060ac00000|  0%| F|  |TAMS 0x000000060a800000| PB 0x000000060a800000| Untracked |  0
|  39|0x000000060ac00000, 0x000000060ac00000, 0x000000060b000000|  0%| F|  |TAMS 0x000000060ac00000| PB 0x000000060ac00000| Untracked |  0
|  40|0x000000060b000000, 0x000000060b000000, 0x000000060b400000|  0%| F|  |TAMS 0x000000060b000000| PB 0x000000060b000000| Untracked |  0
|  41|0x000000060b400000, 0x000000060b400000, 0x000000060b800000|  0%| F|  |TAMS 0x000000060b400000| PB 0x000000060b400000| Untracked |  0
|  42|0x000000060b800000, 0x000000060b800000, 0x000000060bc00000|  0%| F|  |TAMS 0x000000060b800000| PB 0x000000060b800000| Untracked |  0
|  43|0x000000060bc00000, 0x000000060bc00000, 0x000000060c000000|  0%| F|  |TAMS 0x000000060bc00000| PB 0x000000060bc00000| Untracked |  0
|  44|0x000000060c000000, 0x000000060c000000, 0x000000060c400000|  0%| F|  |TAMS 0x000000060c000000| PB 0x000000060c000000| Untracked |  0
|  45|0x000000060c400000, 0x000000060c400000, 0x000000060c800000|  0%| F|  |TAMS 0x000000060c400000| PB 0x000000060c400000| Untracked |  0
|  46|0x000000060c800000, 0x000000060c800000, 0x000000060cc00000|  0%| F|  |TAMS 0x000000060c800000| PB 0x000000060c800000| Untracked |  0
|  47|0x000000060cc00000, 0x000000060cc00000, 0x000000060d000000|  0%| F|  |TAMS 0x000000060cc00000| PB 0x000000060cc00000| Untracked |  0
|  48|0x000000060d000000, 0x000000060d000000, 0x000000060d400000|  0%| F|  |TAMS 0x000000060d000000| PB 0x000000060d000000| Untracked |  0
|  49|0x000000060d400000, 0x000000060d400000, 0x000000060d800000|  0%| F|  |TAMS 0x000000060d400000| PB 0x000000060d400000| Untracked |  0
|  50|0x000000060d800000, 0x000000060d800000, 0x000000060dc00000|  0%| F|  |TAMS 0x000000060d800000| PB 0x000000060d800000| Untracked |  0
|  51|0x000000060dc00000, 0x000000060dc00000, 0x000000060e000000|  0%| F|  |TAMS 0x000000060dc00000| PB 0x000000060dc00000| Untracked |  0
|  52|0x000000060e000000, 0x000000060e000000, 0x000000060e400000|  0%| F|  |TAMS 0x000000060e000000| PB 0x000000060e000000| Untracked |  0
|  53|0x000000060e400000, 0x000000060e400000, 0x000000060e800000|  0%| F|  |TAMS 0x000000060e400000| PB 0x000000060e400000| Untracked |  0
|  54|0x000000060e800000, 0x000000060e800000, 0x000000060ec00000|  0%| F|  |TAMS 0x000000060e800000| PB 0x000000060e800000| Untracked |  0
|  55|0x000000060ec00000, 0x000000060ec00000, 0x000000060f000000|  0%| F|  |TAMS 0x000000060ec00000| PB 0x000000060ec00000| Untracked |  0
|  56|0x000000060f000000, 0x000000060f000000, 0x000000060f400000|  0%| F|  |TAMS 0x000000060f000000| PB 0x000000060f000000| Untracked |  0
|  57|0x000000060f400000, 0x000000060f400000, 0x000000060f800000|  0%| F|  |TAMS 0x000000060f400000| PB 0x000000060f400000| Untracked |  0
|  58|0x000000060f800000, 0x000000060f800000, 0x000000060fc00000|  0%| F|  |TAMS 0x000000060f800000| PB 0x000000060f800000| Untracked |  0
|  59|0x000000060fc00000, 0x000000060fc00000, 0x0000000610000000|  0%| F|  |TAMS 0x000000060fc00000| PB 0x000000060fc00000| Untracked |  0
|  60|0x0000000610000000, 0x0000000610000000, 0x0000000610400000|  0%| F|  |TAMS 0x0000000610000000| PB 0x0000000610000000| Untracked |  0
|  61|0x0000000610400000, 0x0000000610400000, 0x0000000610800000|  0%| F|  |TAMS 0x0000000610400000| PB 0x0000000610400000| Untracked |  0
|  62|0x0000000610800000, 0x0000000610800000, 0x0000000610c00000|  0%| F|  |TAMS 0x0000000610800000| PB 0x0000000610800000| Untracked |  0
|  63|0x0000000610c00000, 0x0000000610c00000, 0x0000000611000000|  0%| F|  |TAMS 0x0000000610c00000| PB 0x0000000610c00000| Untracked |  0
|  64|0x0000000611000000, 0x0000000611000000, 0x0000000611400000|  0%| F|  |TAMS 0x0000000611000000| PB 0x0000000611000000| Untracked |  0
|  65|0x0000000611400000, 0x0000000611400000, 0x0000000611800000|  0%| F|  |TAMS 0x0000000611400000| PB 0x0000000611400000| Untracked |  0
|  66|0x0000000611800000, 0x0000000611800000, 0x0000000611c00000|  0%| F|  |TAMS 0x0000000611800000| PB 0x0000000611800000| Untracked |  0
|  67|0x0000000611c00000, 0x0000000611c00000, 0x0000000612000000|  0%| F|  |TAMS 0x0000000611c00000| PB 0x0000000611c00000| Untracked |  0
|  68|0x0000000612000000, 0x0000000612000000, 0x0000000612400000|  0%| F|  |TAMS 0x0000000612000000| PB 0x0000000612000000| Untracked |  0
|  69|0x0000000612400000, 0x0000000612400000, 0x0000000612800000|  0%| F|  |TAMS 0x0000000612400000| PB 0x0000000612400000| Untracked |  0
|  70|0x0000000612800000, 0x0000000612800000, 0x0000000612c00000|  0%| F|  |TAMS 0x0000000612800000| PB 0x0000000612800000| Untracked |  0
|  71|0x0000000612c00000, 0x0000000612c00000, 0x0000000613000000|  0%| F|  |TAMS 0x0000000612c00000| PB 0x0000000612c00000| Untracked |  0
|  72|0x0000000613000000, 0x0000000613000000, 0x0000000613400000|  0%| F|  |TAMS 0x0000000613000000| PB 0x0000000613000000| Untracked |  0
|  73|0x0000000613400000, 0x0000000613400000, 0x0000000613800000|  0%| F|  |TAMS 0x0000000613400000| PB 0x0000000613400000| Untracked |  0
|  74|0x0000000613800000, 0x0000000613800000, 0x0000000613c00000|  0%| F|  |TAMS 0x0000000613800000| PB 0x0000000613800000| Untracked |  0
|  75|0x0000000613c00000, 0x0000000613c00000, 0x0000000614000000|  0%| F|  |TAMS 0x0000000613c00000| PB 0x0000000613c00000| Untracked |  0
|  76|0x0000000614000000, 0x0000000614000000, 0x0000000614400000|  0%| F|  |TAMS 0x0000000614000000| PB 0x0000000614000000| Untracked |  0
|  77|0x0000000614400000, 0x0000000614400000, 0x0000000614800000|  0%| F|  |TAMS 0x0000000614400000| PB 0x0000000614400000| Untracked |  0
|  78|0x0000000614800000, 0x0000000614800000, 0x0000000614c00000|  0%| F|  |TAMS 0x0000000614800000| PB 0x0000000614800000| Untracked |  0
|  79|0x0000000614c00000, 0x0000000614c00000, 0x0000000615000000|  0%| F|  |TAMS 0x0000000614c00000| PB 0x0000000614c00000| Untracked |  0
|  80|0x0000000615000000, 0x0000000615000000, 0x0000000615400000|  0%| F|  |TAMS 0x0000000615000000| PB 0x0000000615000000| Untracked |  0
|  81|0x0000000615400000, 0x0000000615400000, 0x0000000615800000|  0%| F|  |TAMS 0x0000000615400000| PB 0x0000000615400000| Untracked |  0
|  82|0x0000000615800000, 0x0000000615800000, 0x0000000615c00000|  0%| F|  |TAMS 0x0000000615800000| PB 0x0000000615800000| Untracked |  0
|  83|0x0000000615c00000, 0x0000000615c00000, 0x0000000616000000|  0%| F|  |TAMS 0x0000000615c00000| PB 0x0000000615c00000| Untracked |  0
|  84|0x0000000616000000, 0x0000000616000000, 0x0000000616400000|  0%| F|  |TAMS 0x0000000616000000| PB 0x0000000616000000| Untracked |  0
|  85|0x0000000616400000, 0x0000000616400000, 0x0000000616800000|  0%| F|  |TAMS 0x0000000616400000| PB 0x0000000616400000| Untracked |  0
|  86|0x0000000616800000, 0x0000000616800000, 0x0000000616c00000|  0%| F|  |TAMS 0x0000000616800000| PB 0x0000000616800000| Untracked |  0
|  87|0x0000000616c00000, 0x0000000616c00000, 0x0000000617000000|  0%| F|  |TAMS 0x0000000616c00000| PB 0x0000000616c00000| Untracked |  0
|  88|0x0000000617000000, 0x0000000617000000, 0x0000000617400000|  0%| F|  |TAMS 0x0000000617000000| PB 0x0000000617000000| Untracked |  0
|  89|0x0000000617400000, 0x0000000617400000, 0x0000000617800000|  0%| F|  |TAMS 0x0000000617400000| PB 0x0000000617400000| Untracked |  0
|  90|0x0000000617800000, 0x0000000617800000, 0x0000000617c00000|  0%| F|  |TAMS 0x0000000617800000| PB 0x0000000617800000| Untracked |  0
|  91|0x0000000617c00000, 0x0000000617c00000, 0x0000000618000000|  0%| F|  |TAMS 0x0000000617c00000| PB 0x0000000617c00000| Untracked |  0
|  92|0x0000000618000000, 0x0000000618000000, 0x0000000618400000|  0%| F|  |TAMS 0x0000000618000000| PB 0x0000000618000000| Untracked |  0
|  93|0x0000000618400000, 0x0000000618400000, 0x0000000618800000|  0%| F|  |TAMS 0x0000000618400000| PB 0x0000000618400000| Untracked |  0
|  94|0x0000000618800000, 0x0000000618800000, 0x0000000618c00000|  0%| F|  |TAMS 0x0000000618800000| PB 0x0000000618800000| Untracked |  0
|  95|0x0000000618c00000, 0x0000000618c00000, 0x0000000619000000|  0%| F|  |TAMS 0x0000000618c00000| PB 0x0000000618c00000| Untracked |  0
|  96|0x0000000619000000, 0x0000000619000000, 0x0000000619400000|  0%| F|  |TAMS 0x0000000619000000| PB 0x0000000619000000| Untracked |  0
|  97|0x0000000619400000, 0x0000000619400000, 0x0000000619800000|  0%| F|  |TAMS 0x0000000619400000| PB 0x0000000619400000| Untracked |  0
|  98|0x0000000619800000, 0x0000000619800000, 0x0000000619c00000|  0%| F|  |TAMS 0x0000000619800000| PB 0x0000000619800000| Untracked |  0
|  99|0x0000000619c00000, 0x0000000619c00000, 0x000000061a000000|  0%| F|  |TAMS 0x0000000619c00000| PB 0x0000000619c00000| Untracked |  0
| 100|0x000000061a000000, 0x000000061a000000, 0x000000061a400000|  0%| F|  |TAMS 0x000000061a000000| PB 0x000000061a000000| Untracked |  0
| 101|0x000000061a400000, 0x000000061a400000, 0x000000061a800000|  0%| F|  |TAMS 0x000000061a400000| PB 0x000000061a400000| Untracked |  0
| 102|0x000000061a800000, 0x000000061a800000, 0x000000061ac00000|  0%| F|  |TAMS 0x000000061a800000| PB 0x000000061a800000| Untracked |  0
| 103|0x000000061ac00000, 0x000000061ac00000, 0x000000061b000000|  0%| F|  |TAMS 0x000000061ac00000| PB 0x000000061ac00000| Untracked |  0
| 104|0x000000061b000000, 0x000000061b000000, 0x000000061b400000|  0%| F|  |TAMS 0x000000061b000000| PB 0x000000061b000000| Untracked |  0
| 105|0x000000061b400000, 0x000000061b400000, 0x000000061b800000|  0%| F|  |TAMS 0x000000061b400000| PB 0x000000061b400000| Untracked |  0
| 106|0x000000061b800000, 0x000000061b800000, 0x000000061bc00000|  0%| F|  |TAMS 0x000000061b800000| PB 0x000000061b800000| Untracked |  0
| 107|0x000000061bc00000, 0x000000061bc00000, 0x000000061c000000|  0%| F|  |TAMS 0x000000061bc00000| PB 0x000000061bc00000| Untracked |  0
| 108|0x000000061c000000, 0x000000061c000000, 0x000000061c400000|  0%| F|  |TAMS 0x000000061c000000| PB 0x000000061c000000| Untracked |  0
| 109|0x000000061c400000, 0x000000061c400000, 0x000000061c800000|  0%| F|  |TAMS 0x000000061c400000| PB 0x000000061c400000| Untracked |  0
| 110|0x000000061c800000, 0x000000061c800000, 0x000000061cc00000|  0%| F|  |TAMS 0x000000061c800000| PB 0x000000061c800000| Untracked |  0
| 111|0x000000061cc00000, 0x000000061cc00000, 0x000000061d000000|  0%| F|  |TAMS 0x000000061cc00000| PB 0x000000061cc00000| Untracked |  0
| 112|0x000000061d000000, 0x000000061d000000, 0x000000061d400000|  0%| F|  |TAMS 0x000000061d000000| PB 0x000000061d000000| Untracked |  0
| 113|0x000000061d400000, 0x000000061d400000, 0x000000061d800000|  0%| F|  |TAMS 0x000000061d400000| PB 0x000000061d400000| Untracked |  0
| 114|0x000000061d800000, 0x000000061d800000, 0x000000061dc00000|  0%| F|  |TAMS 0x000000061d800000| PB 0x000000061d800000| Untracked |  0
| 115|0x000000061dc00000, 0x000000061dc00000, 0x000000061e000000|  0%| F|  |TAMS 0x000000061dc00000| PB 0x000000061dc00000| Untracked |  0
| 116|0x000000061e000000, 0x000000061e000000, 0x000000061e400000|  0%| F|  |TAMS 0x000000061e000000| PB 0x000000061e000000| Untracked |  0
| 117|0x000000061e400000, 0x000000061e400000, 0x000000061e800000|  0%| F|  |TAMS 0x000000061e400000| PB 0x000000061e400000| Untracked |  0
| 118|0x000000061e800000, 0x000000061e800000, 0x000000061ec00000|  0%| F|  |TAMS 0x000000061e800000| PB 0x000000061e800000| Untracked |  0
| 119|0x000000061ec00000, 0x000000061ec00000, 0x000000061f000000|  0%| F|  |TAMS 0x000000061ec00000| PB 0x000000061ec00000| Untracked |  0
| 120|0x000000061f000000, 0x000000061f000000, 0x000000061f400000|  0%| F|  |TAMS 0x000000061f000000| PB 0x000000061f000000| Untracked |  0
| 121|0x000000061f400000, 0x000000061f800000, 0x000000061f800000|100%| S|CS|TAMS 0x000000061f400000| PB 0x000000061f400000| Complete |  0
| 122|0x000000061f800000, 0x000000061f800000, 0x000000061fc00000|  0%| F|  |TAMS 0x000000061f800000| PB 0x000000061f800000| Untracked |  0
| 123|0x000000061fc00000, 0x000000061fc00000, 0x0000000620000000|  0%| F|  |TAMS 0x000000061fc00000| PB 0x000000061fc00000| Untracked |  0
| 124|0x0000000620000000, 0x0000000620000000, 0x0000000620400000|  0%| F|  |TAMS 0x0000000620000000| PB 0x0000000620000000| Untracked |  0
| 125|0x0000000620400000, 0x0000000620660360, 0x0000000620800000| 59%| E|  |TAMS 0x0000000620400000| PB 0x0000000620400000| Complete |  0
| 126|0x0000000620800000, 0x0000000620c00000, 0x0000000620c00000|100%| E|CS|TAMS 0x0000000620800000| PB 0x0000000620800000| Complete |  0
| 127|0x0000000620c00000, 0x0000000621000000, 0x0000000621000000|100%| E|CS|TAMS 0x0000000620c00000| PB 0x0000000620c00000| Complete |  0

Card table byte_map: [0x00000114b82a0000,0x00000114b92a0000] _byte_map_base: 0x00000114b5298000

Marking Bits: (CMBitMap*) 0x000001149ea66db0
 Bits: [0x00000114b92a0000, 0x00000114c1260000)

Polling page: 0x000001149d200000

Metaspace:

Usage:
  Non-class:      8.49 MB used.
      Class:    808.92 KB used.
       Both:      9.28 MB used.

Virtual space:
  Non-class space:       64.00 MB reserved,       8.56 MB ( 13%) committed,  1 nodes.
      Class space:        1.00 GB reserved,     832.00 KB ( <1%) committed,  1 nodes.
             Both:        1.06 GB reserved,       9.38 MB ( <1%) committed. 

Chunk freelists:
   Non-Class:  5.59 MB
       Class:  15.12 MB
        Both:  20.72 MB

MaxMetaspaceSize: unlimited
CompressedClassSpaceSize: 1.00 GB
Initial GC threshold: 21.00 MB
Current GC threshold: 21.00 MB
CDS: on
 - commit_granule_bytes: 65536.
 - commit_granule_words: 8192.
 - virtual_space_node_default_size: 8388608.
 - enlarge_chunks_in_place: 1.
 - use_allocation_guard: 0.


Internal statistics:

num_allocs_failed_limit: 0.
num_arena_births: 36.
num_arena_deaths: 0.
num_vsnodes_births: 2.
num_vsnodes_deaths: 0.
num_space_committed: 150.
num_space_uncommitted: 0.
num_chunks_returned_to_freelist: 0.
num_chunks_taken_from_freelist: 285.
num_chunk_merges: 0.
num_chunk_splits: 246.
num_chunks_enlarged: 227.
num_inconsistent_stats: 0.

CodeHeap 'non-profiled nmethods': size=119232Kb used=344Kb max_used=344Kb free=118887Kb
 bounds [0x00000114aee70000, 0x00000114af0e0000, 0x00000114b62e0000]
CodeHeap 'profiled nmethods': size=119104Kb used=1707Kb max_used=1707Kb free=117397Kb
 bounds [0x00000114a72e0000, 0x00000114a7550000, 0x00000114ae730000]
CodeHeap 'non-nmethods': size=7424Kb used=3154Kb max_used=3178Kb free=4270Kb
 bounds [0x00000114ae730000, 0x00000114aea60000, 0x00000114aee70000]
CodeCache: size=245760Kb, used=5205Kb, max_used=5229Kb, free=240554Kb
 total_blobs=1822, nmethods=1260, adapters=465, full_count=0
Compilation: enabled, stopped_count=0, restarted_count=0

Compilation events (20 events):
Event: 0.691 Thread 0x00000114c44d6c20 1203       1       io.ksmt.decl.KDecl::getSort (5 bytes)
Event: 0.691 Thread 0x00000114c44d6050 1204       3       kotlin.collections.CollectionsKt__MutableCollectionsKt::addAll (74 bytes)
Event: 0.691 Thread 0x00000114c4332750 nmethod 1193 0x00000114aeec2408 code [0x00000114aeec2560, 0x00000114aeec28c0]
Event: 0.691 Thread 0x00000114c44d6c20 nmethod 1203 0x00000114aeec2988 code [0x00000114aeec2aa0, 0x00000114aeec2b70]
Event: 0.691 Thread 0x00000114c44d6050 nmethod 1204 0x00000114a7476b08 code [0x00000114a7476da0, 0x00000114a7477ed8]
Event: 0.691 Thread 0x00000114c44d6c20 1205       3       io.ksmt.expr.KApp::<init> (12 bytes)
Event: 0.691 Thread 0x00000114c434b350 1206       3       io.ksmt.expr.KExpr::<init> (12 bytes)
Event: 0.691 Thread 0x00000114c442a6c0 1208       3       java.util.concurrent.ThreadLocalRandom::nextInt (6 bytes)
Event: 0.691 Thread 0x00000114c44d6050 1207       3       kotlin.random.AbstractPlatformRandom::nextInt (9 bytes)
Event: 0.692 Thread 0x00000114c4332750 1212       4       java.lang.invoke.VarHandle::checkAccessModeThenIsDirect (29 bytes)
Event: 0.692 Thread 0x00000114c442a6c0 nmethod 1208 0x00000114a7477f88 code [0x00000114a74780a0, 0x00000114a74781e0]
Event: 0.692 Thread 0x00000114c442a6c0 1210       3       io.ksmt.cache.weak.WeakInternerKeyLookup::<init> (32 bytes)
Event: 0.692 Thread 0x00000114c442a6c0 nmethod 1210 0x00000114a7478288 code [0x00000114a74783c0, 0x00000114a74786a8]
Event: 0.692 Thread 0x00000114c44d6050 nmethod 1207 0x00000114a7478708 code [0x00000114a7478860, 0x00000114a7478b90]
Event: 0.692 Thread 0x00000114c442a6c0 1209       3       java.util.Random::nextInt (74 bytes)
Event: 0.692 Thread 0x00000114c434b350 nmethod 1206 0x00000114a7478c08 code [0x00000114a7478e20, 0x00000114a74798f0]
Event: 0.692 Thread 0x00000114c44d6c20 nmethod 1205 0x00000114a7479988 code [0x00000114a7479c00, 0x00000114a747ab40]
Event: 0.692 Thread 0x00000114c44d6050 1211       3       kotlin.random.Random$Default::nextInt (8 bytes)
Event: 0.692 Thread 0x00000114c434b350 1213       1       io.ksmt.expr.KBitVec32Value::getSort (5 bytes)
Event: 0.692 Thread 0x00000114c442a6c0 nmethod 1209 0x00000114a747ac08 code [0x00000114a747ad60, 0x00000114a747b250]

GC Heap History (2 events):
Event: 0.515 GC heap before
{Heap before GC invocations=0 (full 0):
 garbage-first heap   total reserved 8372224K, committed 524288K, used 20480K [0x0000000601000000, 0x0000000800000000)
  region size 4096K, 6 young (24576K), 0 survivors (0K)
 Metaspace       used 6920K, committed 7104K, reserved 1114112K
  class space    used 562K, committed 640K, reserved 1048576K
}
Event: 0.517 GC heap after
{Heap after GC invocations=1 (full 0):
 garbage-first heap   total reserved 8372224K, committed 524288K, used 4523K [0x0000000601000000, 0x0000000800000000)
  region size 4096K, 1 young (4096K), 1 survivors (4096K)
 Metaspace       used 6920K, committed 7104K, reserved 1114112K
  class space    used 562K, committed 640K, reserved 1048576K
}

Dll operation events (14 events):
Event: 0.007 Loaded shared library C:\Users\anton\.jdks\openjdk-23.0.1\bin\java.dll
Event: 0.026 Loaded shared library C:\Users\anton\.jdks\openjdk-23.0.1\bin\jsvml.dll
Event: 0.060 Loaded shared library C:\Users\anton\.jdks\openjdk-23.0.1\bin\zip.dll
Event: 0.062 Loaded shared library C:\Users\anton\.jdks\openjdk-23.0.1\bin\instrument.dll
Event: 0.065 Loaded shared library C:\Users\anton\.jdks\openjdk-23.0.1\bin\net.dll
Event: 0.066 Loaded shared library C:\Users\anton\.jdks\openjdk-23.0.1\bin\nio.dll
Event: 0.069 Loaded shared library C:\Users\anton\.jdks\openjdk-23.0.1\bin\zip.dll
Event: 0.093 Loaded shared library D:\Prog\DevTools\IntelliJ IDEA Community Edition 2024.3.1\bin\breakgen64.dll
Event: 0.099 Loaded shared library C:\Users\anton\.jdks\openjdk-23.0.1\bin\extnet.dll
Event: 0.306 Loaded shared library C:\Users\anton\.jdks\openjdk-23.0.1\bin\jimage.dll
Event: 0.322 Loaded shared library C:\Users\anton\AppData\Local\Temp\ksmt-unpacked-libraries\ksmt4667464794088687329\vcruntime140.dll
Event: 0.327 Loaded shared library C:\Users\anton\AppData\Local\Temp\ksmt-unpacked-libraries\ksmt4667464794088687329\vcruntime140_1.dll
Event: 0.469 Loaded shared library C:\Users\anton\AppData\Local\Temp\ksmt-unpacked-libraries\ksmt4667464794088687329\libz3.dll
Event: 0.475 Loaded shared library C:\Users\anton\AppData\Local\Temp\ksmt-unpacked-libraries\ksmt4667464794088687329\libz3java.dll

Deoptimization events (20 events):
Event: 0.307 Thread 0x000001149cdb8690 Uncommon trap: trap_request=0xffffff6e fr.pc=0x00000114aee97bfc relative=0x000000000000033c
Event: 0.307 Thread 0x000001149cdb8690 Uncommon trap: reason=loop_limit_check action=maybe_recompile pc=0x00000114aee97bfc method=java.lang.StringLatin1.indexOf([BI[BII)I @ 37 c2
Event: 0.307 Thread 0x000001149cdb8690 DEOPT PACKING pc=0x00000114aee97bfc sp=0x00000005dc8fe7c0
Event: 0.307 Thread 0x000001149cdb8690 DEOPT UNPACKING pc=0x00000114ae784402 sp=0x00000005dc8fe720 mode 2
Event: 0.562 Thread 0x000001149cdb8690 Uncommon trap: trap_request=0xffffffde fr.pc=0x00000114aeeb3e20 relative=0x0000000000000100
Event: 0.562 Thread 0x000001149cdb8690 Uncommon trap: reason=class_check action=maybe_recompile pc=0x00000114aeeb3e20 method=jdk.internal.misc.Unsafe.allocateUninitializedArray(Ljava/lang/Class;I)Ljava/lang/Object; @ 51 c2
Event: 0.562 Thread 0x000001149cdb8690 DEOPT PACKING pc=0x00000114aeeb3e20 sp=0x00000005dc8fdd90
Event: 0.562 Thread 0x000001149cdb8690 DEOPT UNPACKING pc=0x00000114ae784402 sp=0x00000005dc8fdd08 mode 2
Event: 0.562 Thread 0x000001149cdb8690 Uncommon trap: trap_request=0xffffffde fr.pc=0x00000114aeeb3e20 relative=0x0000000000000100
Event: 0.562 Thread 0x000001149cdb8690 Uncommon trap: reason=class_check action=maybe_recompile pc=0x00000114aeeb3e20 method=jdk.internal.misc.Unsafe.allocateUninitializedArray(Ljava/lang/Class;I)Ljava/lang/Object; @ 51 c2
Event: 0.562 Thread 0x000001149cdb8690 DEOPT PACKING pc=0x00000114aeeb3e20 sp=0x00000005dc8fe240
Event: 0.562 Thread 0x000001149cdb8690 DEOPT UNPACKING pc=0x00000114ae784402 sp=0x00000005dc8fe1b8 mode 2
Event: 0.562 Thread 0x000001149cdb8690 Uncommon trap: trap_request=0xffffffde fr.pc=0x00000114aeeb3e20 relative=0x0000000000000100
Event: 0.562 Thread 0x000001149cdb8690 Uncommon trap: reason=class_check action=maybe_recompile pc=0x00000114aeeb3e20 method=jdk.internal.misc.Unsafe.allocateUninitializedArray(Ljava/lang/Class;I)Ljava/lang/Object; @ 51 c2
Event: 0.562 Thread 0x000001149cdb8690 DEOPT PACKING pc=0x00000114aeeb3e20 sp=0x00000005dc8fdf40
Event: 0.562 Thread 0x000001149cdb8690 DEOPT UNPACKING pc=0x00000114ae784402 sp=0x00000005dc8fdeb8 mode 2
Event: 0.562 Thread 0x000001149cdb8690 Uncommon trap: trap_request=0xffffffde fr.pc=0x00000114aeeb3e20 relative=0x0000000000000100
Event: 0.562 Thread 0x000001149cdb8690 Uncommon trap: reason=class_check action=maybe_recompile pc=0x00000114aeeb3e20 method=jdk.internal.misc.Unsafe.allocateUninitializedArray(Ljava/lang/Class;I)Ljava/lang/Object; @ 51 c2
Event: 0.562 Thread 0x000001149cdb8690 DEOPT PACKING pc=0x00000114aeeb3e20 sp=0x00000005dc8fdfe0
Event: 0.562 Thread 0x000001149cdb8690 DEOPT UNPACKING pc=0x00000114ae784402 sp=0x00000005dc8fdf58 mode 2

Classes loaded (20 events):
Event: 0.673 Loading class java/util/concurrent/atomic/AtomicLongFieldUpdater
Event: 0.673 Loading class java/util/concurrent/atomic/AtomicLongFieldUpdater done
Event: 0.673 Loading class java/util/concurrent/atomic/AtomicLongFieldUpdater$CASUpdater
Event: 0.673 Loading class java/util/concurrent/atomic/AtomicLongFieldUpdater$CASUpdater done
Event: 0.673 Loading class java/util/concurrent/atomic/AtomicLongFieldUpdater$CASUpdater$1
Event: 0.673 Loading class java/util/concurrent/atomic/AtomicLongFieldUpdater$CASUpdater$1 done
Event: 0.674 Loading class java/util/concurrent/atomic/AtomicIntegerFieldUpdater
Event: 0.674 Loading class java/util/concurrent/atomic/AtomicIntegerFieldUpdater done
Event: 0.674 Loading class java/util/concurrent/atomic/AtomicIntegerFieldUpdater$AtomicIntegerFieldUpdaterImpl
Event: 0.674 Loading class java/util/concurrent/atomic/AtomicIntegerFieldUpdater$AtomicIntegerFieldUpdaterImpl done
Event: 0.674 Loading class java/util/concurrent/atomic/AtomicIntegerFieldUpdater$AtomicIntegerFieldUpdaterImpl$1
Event: 0.674 Loading class java/util/concurrent/atomic/AtomicIntegerFieldUpdater$AtomicIntegerFieldUpdaterImpl$1 done
Event: 0.675 Loading class java/util/concurrent/atomic/AtomicReferenceArray
Event: 0.675 Loading class java/util/concurrent/atomic/AtomicReferenceArray done
Event: 0.675 Loading class java/lang/invoke/VarHandleReferences$Array
Event: 0.675 Loading class java/lang/invoke/VarHandleReferences$Array done
Event: 0.687 Loading class java/lang/Thread$ThreadNumbering
Event: 0.687 Loading class java/lang/Thread$ThreadNumbering done
Event: 0.692 Loading class java/lang/StackTraceElement$HashedModules
Event: 0.692 Loading class java/lang/StackTraceElement$HashedModules done

Classes unloaded (0 events):
No events

Classes redefined (0 events):
No events

Internal exceptions (8 events):
Event: 0.090 Thread 0x000001149cdb8690 Exception <a 'java/lang/NoSuchMethodError'{0x0000000620ad2d98}: 'java.lang.Object java.lang.invoke.Invokers$Holder.invokeExact_MT(java.lang.Object, java.lang.Object, java.lang.Object, java.lang.Object, java.lang.Object)'> (0x0000000620ad2d98) 
thrown [s\open\src\hotspot\share\interpreter\linkResolver.cpp, line 796]
Event: 0.101 Thread 0x00000114c47565e0 Exception <a 'java/lang/NoSuchMethodError'{0x0000000620b612d8}: 'void java.lang.invoke.DirectMethodHandle$Holder.invokeStatic(java.lang.Object, java.lang.Object)'> (0x0000000620b612d8) 
thrown [s\open\src\hotspot\share\interpreter\linkResolver.cpp, line 796]
Event: 0.253 Thread 0x000001149cdb8690 Exception <a 'java/lang/NoSuchMethodError'{0x000000061ff16350}: 'java.lang.Object java.lang.invoke.DirectMethodHandle$Holder.invokeStaticInit(java.lang.Object, java.lang.Object, java.lang.Object)'> (0x000000061ff16350) 
thrown [s\open\src\hotspot\share\interpreter\linkResolver.cpp, line 796]
Event: 0.262 Thread 0x000001149cdb8690 Exception <a 'sun/nio/fs/WindowsException'{0x000000061ffa3868}> (0x000000061ffa3868) 
thrown [s\open\src\hotspot\share\prims\jni.cpp, line 520]
Event: 0.287 Thread 0x000001149cdb8690 Exception <a 'java/lang/NoSuchMethodError'{0x000000061f8419f0}: 'java.lang.Object java.lang.invoke.DirectMethodHandle$Holder.invokeStaticInit(java.lang.Object, int, int, int, int)'> (0x000000061f8419f0) 
thrown [s\open\src\hotspot\share\interpreter\linkResolver.cpp, line 796]
Event: 0.302 Thread 0x000001149cdb8690 Exception <a 'java/lang/NoSuchMethodError'{0x000000061f916010}: 'java.lang.Object java.lang.invoke.DirectMethodHandle$Holder.invokeStaticInit(java.lang.Object, java.lang.Object, int, int, int, int)'> (0x000000061f916010) 
thrown [s\open\src\hotspot\share\interpreter\linkResolver.cpp, line 796]
Event: 0.476 Thread 0x000001149cdb8690 Exception <a 'sun/nio/fs/WindowsException'{0x000000061f954868}> (0x000000061f954868) 
thrown [s\open\src\hotspot\share\prims\jni.cpp, line 520]
Event: 0.668 Thread 0x000001149cdb8690 Exception <a 'java/lang/NoSuchMethodError'{0x0000000620ab71c8}: 'int java.lang.invoke.DirectMethodHandle$Holder.invokeStatic(java.lang.Object, int, java.lang.Object)'> (0x0000000620ab71c8) 
thrown [s\open\src\hotspot\share\interpreter\linkResolver.cpp, line 796]

VM Operations (12 events):
Event: 0.052 Executing VM operation: HandshakeAllThreads (Deoptimize)
Event: 0.052 Executing VM operation: HandshakeAllThreads (Deoptimize) done
Event: 0.119 Executing VM operation: HandshakeAllThreads (Deoptimize)
Event: 0.119 Executing VM operation: HandshakeAllThreads (Deoptimize) done
Event: 0.309 Executing VM operation: HandshakeAllThreads (Deoptimize)
Event: 0.309 Executing VM operation: HandshakeAllThreads (Deoptimize) done
Event: 0.478 Executing VM operation: HandshakeAllThreads (Deoptimize)
Event: 0.478 Executing VM operation: HandshakeAllThreads (Deoptimize) done
Event: 0.515 Executing VM operation: G1CollectForAllocation (G1 Evacuation Pause)
Event: 0.517 Executing VM operation: G1CollectForAllocation (G1 Evacuation Pause) done
Event: 0.655 Executing VM operation: HandshakeAllThreads (Deoptimize)
Event: 0.655 Executing VM operation: HandshakeAllThreads (Deoptimize) done

Memory protections (0 events):
No events

Nmethod flushes (0 events):
No events

Events (20 events):
Event: 0.025 Thread 0x000001149cdb8690 Thread added: 0x00000114c432e5a0
Event: 0.025 Thread 0x000001149cdb8690 Thread added: 0x00000114c432f000
Event: 0.025 Thread 0x000001149cdb8690 Thread added: 0x00000114c432fb90
Event: 0.025 Thread 0x000001149cdb8690 Thread added: 0x00000114c4332750
Event: 0.025 Thread 0x000001149cdb8690 Thread added: 0x00000114c434b350
Event: 0.029 Thread 0x00000114c434b350 Thread added: 0x00000114c442a6c0
Event: 0.048 Thread 0x000001149cdb8690 Thread added: 0x00000114c44ce400
Event: 0.053 Thread 0x00000114c434b350 Thread added: 0x00000114c44d6050
Event: 0.053 Thread 0x00000114c442a6c0 Thread added: 0x00000114c44d6c20
Event: 0.056 Thread 0x00000114c442a6c0 Thread added: 0x00000114c44e2940
Event: 0.093 Thread 0x000001149cdb8690 Thread added: 0x00000114c47565e0
Event: 0.093 Thread 0x000001149cdb8690 Thread added: 0x00000114c4637480
Event: 0.299 Thread 0x00000114c4332750 Thread added: 0x00000114c4efb350
Event: 0.469 Thread 0x00000114c4efb350 Thread exited: 0x00000114c4efb350
Event: 0.687 Thread 0x000001149cdb8690 Thread added: 0x000001150f204c90
Event: 0.687 Thread 0x000001149cdb8690 Thread added: 0x000001150f206320
Event: 0.691 Thread 0x000001149cdb8690 Thread added: 0x000001150f14f8a0
Event: 0.691 Thread 0x000001150f14f8a0 Thread added: 0x000001150f213d50
Event: 0.691 Thread 0x000001150f204c90 Thread added: 0x000001150f2171d0
Event: 0.691 Thread 0x000001150f206320 Thread added: 0x000001150f2143e0


Dynamic libraries:
0x00007ff7332b0000 - 0x00007ff7332be000 	C:\Users\anton\.jdks\openjdk-23.0.1\bin\java.exe
0x00007ffcb06a0000 - 0x00007ffcb0903000 	C:\WINDOWS\SYSTEM32\ntdll.dll
0x00007ffcaf980000 - 0x00007ffcafa48000 	C:\WINDOWS\System32\KERNEL32.DLL
0x00007ffcadc70000 - 0x00007ffcae022000 	C:\WINDOWS\System32\KERNELBASE.dll
0x00007ffcae100000 - 0x00007ffcae24b000 	C:\WINDOWS\System32\ucrtbase.dll
0x00007ffc942d0000 - 0x00007ffc942eb000 	C:\Users\anton\.jdks\openjdk-23.0.1\bin\VCRUNTIME140.dll
0x00007ffc93250000 - 0x00007ffc93267000 	C:\Users\anton\.jdks\openjdk-23.0.1\bin\jli.dll
0x00007ffcb0490000 - 0x00007ffcb0658000 	C:\WINDOWS\System32\USER32.dll
0x00007ffcae0d0000 - 0x00007ffcae0f7000 	C:\WINDOWS\System32\win32u.dll
0x00007ffc99a10000 - 0x00007ffc99ca0000 	C:\WINDOWS\WinSxS\amd64_microsoft.windows.common-controls_6595b64144ccf1df_6.0.26100.2454_none_3e0b68a2e331ad60\COMCTL32.dll
0x00007ffcae7d0000 - 0x00007ffcae7fa000 	C:\WINDOWS\System32\GDI32.dll
0x00007ffcaf220000 - 0x00007ffcaf2c9000 	C:\WINDOWS\System32\msvcrt.dll
0x00007ffcae3d0000 - 0x00007ffcae4fb000 	C:\WINDOWS\System32\gdi32full.dll
0x00007ffcada70000 - 0x00007ffcadb13000 	C:\WINDOWS\System32\msvcp_win.dll
0x00007ffcaf940000 - 0x00007ffcaf96f000 	C:\WINDOWS\System32\IMM32.DLL
0x00007ffca8600000 - 0x00007ffca860c000 	C:\Users\anton\.jdks\openjdk-23.0.1\bin\vcruntime140_1.dll
0x00007ffc931c0000 - 0x00007ffc9324e000 	C:\Users\anton\.jdks\openjdk-23.0.1\bin\msvcp140.dll
0x00007ffc21360000 - 0x00007ffc220af000 	C:\Users\anton\.jdks\openjdk-23.0.1\bin\server\jvm.dll
0x00007ffcaf3b0000 - 0x00007ffcaf464000 	C:\WINDOWS\System32\ADVAPI32.dll
0x00007ffcae550000 - 0x00007ffcae5f6000 	C:\WINDOWS\System32\sechost.dll
0x00007ffcaec70000 - 0x00007ffcaed86000 	C:\WINDOWS\System32\RPCRT4.dll
0x00007ffcae8a0000 - 0x00007ffcae914000 	C:\WINDOWS\System32\WS2_32.dll
0x00007ffcad200000 - 0x00007ffcad24e000 	C:\WINDOWS\SYSTEM32\POWRPROF.dll
0x00007ffca1f60000 - 0x00007ffca1f96000 	C:\WINDOWS\SYSTEM32\WINMM.dll
0x00007ffca56c0000 - 0x00007ffca56cb000 	C:\WINDOWS\SYSTEM32\VERSION.dll
0x00007ffcad1e0000 - 0x00007ffcad1f4000 	C:\WINDOWS\SYSTEM32\UMPDC.dll
0x00007ffcac870000 - 0x00007ffcac88a000 	C:\WINDOWS\SYSTEM32\kernel.appcore.dll
0x00007ffc9d840000 - 0x00007ffc9d84a000 	C:\Users\anton\.jdks\openjdk-23.0.1\bin\jimage.dll
0x00007ffcab1d0000 - 0x00007ffcab411000 	C:\WINDOWS\SYSTEM32\DBGHELP.DLL
0x00007ffcaf4d0000 - 0x00007ffcaf84e000 	C:\WINDOWS\System32\combase.dll
0x00007ffcb03b0000 - 0x00007ffcb0486000 	C:\WINDOWS\System32\OLEAUT32.dll
0x00007ffc8d250000 - 0x00007ffc8d289000 	C:\WINDOWS\SYSTEM32\dbgcore.DLL
0x00007ffcae030000 - 0x00007ffcae0c9000 	C:\WINDOWS\System32\bcryptPrimitives.dll
0x00007ffc931b0000 - 0x00007ffc931bf000 	C:\Users\anton\.jdks\openjdk-23.0.1\bin\instrument.dll
0x00007ffc93190000 - 0x00007ffc931ae000 	C:\Users\anton\.jdks\openjdk-23.0.1\bin\java.dll
0x00007ffcaead0000 - 0x00007ffcaec69000 	C:\WINDOWS\System32\ole32.dll
0x00007ffcafca0000 - 0x00007ffcb03a1000 	C:\WINDOWS\System32\SHELL32.dll
0x00007ffcab760000 - 0x00007ffcabf91000 	C:\WINDOWS\SYSTEM32\windows.storage.dll
0x00007ffcaf2d0000 - 0x00007ffcaf3aa000 	C:\WINDOWS\System32\SHCORE.dll
0x00007ffcaf470000 - 0x00007ffcaf4cd000 	C:\WINDOWS\System32\shlwapi.dll
0x00007ffcad980000 - 0x00007ffcad9ae000 	C:\WINDOWS\SYSTEM32\profapi.dll
0x00007ffc2f090000 - 0x00007ffc2f167000 	C:\Users\anton\.jdks\openjdk-23.0.1\bin\jsvml.dll
0x00007ffc93170000 - 0x00007ffc93187000 	C:\Users\anton\.jdks\openjdk-23.0.1\bin\zip.dll
0x00007ffc8edb0000 - 0x00007ffc8edc0000 	C:\Users\anton\.jdks\openjdk-23.0.1\bin\net.dll
0x00007ffcacd50000 - 0x00007ffcacdb8000 	C:\WINDOWS\system32\mswsock.dll
0x00007ffc8ed90000 - 0x00007ffc8eda6000 	C:\Users\anton\.jdks\openjdk-23.0.1\bin\nio.dll
0x00007ffca8590000 - 0x00007ffca85aa000 	D:\Prog\DevTools\IntelliJ IDEA Community Edition 2024.3.1\bin\breakgen64.dll
0x00007ffc8e0a0000 - 0x00007ffc8e0a9000 	C:\Users\anton\.jdks\openjdk-23.0.1\bin\extnet.dll
0x00007ffcad170000 - 0x00007ffcad18c000 	C:\WINDOWS\SYSTEM32\CRYPTSP.dll
0x00007ffcac7d0000 - 0x00007ffcac808000 	C:\WINDOWS\system32\rsaenh.dll
0x00007ffcacdf0000 - 0x00007ffcace1b000 	C:\WINDOWS\SYSTEM32\USERENV.dll
0x00007ffcad3a0000 - 0x00007ffcad3c6000 	C:\WINDOWS\SYSTEM32\bcrypt.dll
0x00007ffcacf80000 - 0x00007ffcacf8c000 	C:\WINDOWS\SYSTEM32\CRYPTBASE.dll
0x00007ffcac290000 - 0x00007ffcac2c2000 	C:\WINDOWS\SYSTEM32\IPHLPAPI.DLL
0x00007ffcaea90000 - 0x00007ffcaea9a000 	C:\WINDOWS\System32\NSI.dll
0x00007ffc932a0000 - 0x00007ffc932bd000 	C:\Users\anton\AppData\Local\Temp\ksmt-unpacked-libraries\ksmt4667464794088687329\vcruntime140.dll
0x00007ffc92e90000 - 0x00007ffc92e9c000 	C:\Users\anton\AppData\Local\Temp\ksmt-unpacked-libraries\ksmt4667464794088687329\vcruntime140_1.dll
0x00007ffc1c000000 - 0x00007ffc1cfea000 	C:\Users\anton\AppData\Local\Temp\ksmt-unpacked-libraries\ksmt4667464794088687329\libz3.dll
0x00007ffc55da0000 - 0x00007ffc55dc0000 	C:\Users\anton\AppData\Local\Temp\ksmt-unpacked-libraries\ksmt4667464794088687329\libz3java.dll

dbghelp: loaded successfully - version: 4.0.5 - missing functions: none
symbol engine: initialized successfully - sym options: 0x614 - pdb path: .;C:\Users\anton\.jdks\openjdk-23.0.1\bin;C:\WINDOWS\SYSTEM32;C:\WINDOWS\WinSxS\amd64_microsoft.windows.common-controls_6595b64144ccf1df_6.0.26100.2454_none_3e0b68a2e331ad60;C:\Users\anton\.jdks\openjdk-23.0.1\bin\server;D:\Prog\DevTools\IntelliJ IDEA Community Edition 2024.3.1\bin;C:\Users\anton\AppData\Local\Temp\ksmt-unpacked-libraries\ksmt4667464794088687329

VM Arguments:
jvm_args: -javaagent:D:\Prog\DevTools\IntelliJ IDEA Community Edition 2024.3.1\lib\idea_rt.jar=64433:D:\Prog\DevTools\IntelliJ IDEA Community Edition 2024.3.1\bin -Dfile.encoding=UTF-8 -Dsun.stdout.encoding=UTF-8 -Dsun.stderr.encoding=UTF-8 
java_command: MainKt
java_class_path (initial): D:\Prog\Projects\SymbolicExecution\build\classes\kotlin\main;D:\Prog\Projects\SymbolicExecution\build\resources\main;C:\Users\anton\.gradle\caches\modules-2\files-2.1\io.ksmt\ksmt-core\0.5.26\a262e02f3206536c3c9a38fc52b5038804126ee2\ksmt-core-0.5.26.jar;C:\Users\anton\.gradle\caches\modules-2\files-2.1\io.ksmt\ksmt-runner\0.5.26\83e7cbb7a830025e1c95ec3529dfb3a1bf063b0\ksmt-runner-0.5.26.jar;C:\Users\anton\.gradle\caches\modules-2\files-2.1\org.jetbrains.kotlin\kotlin-stdlib\2.1.0\85f8b81009cda5890e54ba67d64b5e599c645020\kotlin-stdlib-2.1.0.jar;C:\Users\anton\.gradle\caches\modules-2\files-2.1\io.ksmt\ksmt-z3\0.5.26\8e29f45f863fc077aef6d56f8b8ef4b860757ba2\ksmt-z3-0.5.26.jar;C:\Users\anton\.gradle\caches\modules-2\files-2.1\it.unimi.dsi\fastutil\8.5.15\1e885b40c9563ab0d3899b871fd0b30e958705dc\fastutil-8.5.15.jar;C:\Users\anton\.gradle\caches\modules-2\files-2.1\org.jetbrains.kotlinx\kotlinx-serialization-json-jvm\1.8.0-RC\8253bf6e8c713a3dace54493a838e0f8fd3e08fa\kotlinx-serialization-json-jvm-1.8.0-RC.jar;C:\Users\anton\.gradle\caches\modules-2\files-2.1\org.jetbrains.kotlin\kotlin-stdlib-jdk8\1.8.0\ed04f49e186a116753ad70d34f0ac2925d1d8020\kotlin-stdlib-jdk8-1.8.0.jar;C:\Users\anton\.gradle\caches\modules-2\files-2.1\com.jetbrains.rd\rd-framework\2022.3.2\60880b367ba828e72cd613315ac44f6b1591bea8\rd-framework-2022.3.2.jar;C:\Users\anton\.gradle\caches\modules-2\files-2.1\com.jetbrains.rd\rd-core\2022.3.2\acd556d0d97b131a3fc6bdee3878644be409abe3\rd-core-2022.3.2.jar;C:\Users\anton\.gradle\caches\modules-2\files-2.1\org.jetbrains.kotlinx\kotlinx-coroutines-core-jvm\1.10.1\fe066928754beda3d59c8282e04289546465a360\kotlinx-coroutines-core-jvm-1.10.1.jar;C:\Users\anton\.gradle\caches\modules-2\files-2.1\org.jetbrains\annotations\23.0.0\8cc20c07506ec18e0834947b84a864bfc094484e\annotations-23.0.0.jar;C:\Users\anton\.gradle\caches\modules-2\files-2.1\io.ksmt\ksmt-z3-native-linux-x64\0.5.26\68a2d90c58b2efb92ca5250298aaf2bbe66080e4\ksmt-z3-native-linux-x64-0.5.26.jar;C:\Users\anton\.gradle\caches\modules-2\files-2.1\io.ksmt\ksmt-z3-native-mac-arm\0.5.26\3622163b9f09ec9b15487461348b9c2b177e787d\ksmt-z3-native-mac-arm-0.5.26.jar;C:\Users\anton\.gradle\caches\modules-2\files-2.1\io.ksmt\ksmt-z3-native-mac-x64\0.5.26\277eeb553cc6f9c70adaeacdaf7fc3079ca5b4b\ksmt-z3-native-mac-x64-0.5.26.jar;C:\Users\anton\.gradle\caches\modules-2\files-2.1\io.ksmt\ksmt-z3-native-windows-x64\0.5.26\abad3cf493ed7ada3e5068aa727ddad656d37293\ksmt-z3-native-windows-x64-0.5.26.jar;C:\Users\anton\.gradle\caches\modules-2\files-2.1\io.ksmt\ksmt-z3-core\0.5.26\a0d4ef719079eea694dc2e0ba02c12b3a365050f\ksmt-z3-core-0.5.26.jar;C:\Users\anton\.gradle\caches\modules-2\files-2.1\org.jetbrains.kotlin\kotlin-stdlib-jdk7\1.8.0\3c91271347f678c239607abb676d4032a7898427\kotlin-stdlib-jdk7-1.8.0.jar;C:\Users\anton\.gradle\caches\modules-2\files-2.1\org.jetbrains.kotlinx\kotlinx-serialization-core-jvm\1.8.0-RC\268cabd7cb2796083ce3bc1307626fe66ce784fa\kotlinx-serialization-core-jvm-1.8.0-RC.jar;C:\Users\anton\.gradle\caches\modules-2\files-2.1\it.unimi.dsi\fastutil-core\8.5.11\790ac854a8316bb4896662d02c53dd30d769ed53\fastutil-core-8.5.11.jar;C:\Users\anton\.gradle\caches\modules-2\files-2.1\org.jetbrains.kotlin\kotlin-reflect\1.7.0\e660b0079fdaf744dc9cc7f6f3aa3c761ec839b0\kotlin-reflect-1.7.0.jar;C:\Users\anton\.gradle\caches\modules-2\files-2.1\commons-logging\commons-logging\1.2\4bfc12adfe4842bf07b657f0369c4cb522955686\commons-logging-1.2.jar;C:\Users\anton\.gradle\caches\modules-2\files-2.1\org.jetbrains.kotlinx\kotlinx-collections-immutable-jvm\0.3.5\2790401179de4445c880ad9efb3d4c068c7e5dd8\kotlinx-collections-immutable-jvm-0.3.5.jar
Launcher Type: SUN_STANDARD

[Global flags]
     intx CICompilerCount                          = 12                                        {product} {ergonomic}
     uint ConcGCThreads                            = 3                                         {product} {ergonomic}
     uint G1ConcRefinementThreads                  = 13                                        {product} {ergonomic}
   size_t G1HeapRegionSize                         = 4194304                                   {product} {ergonomic}
   size_t InitialHeapSize                          = 536870912                                 {product} {ergonomic}
   size_t MarkStackSize                            = 4194304                                   {product} {ergonomic}
   size_t MarkStackSizeMax                         = 536870912                                 {product} {ergonomic}
   size_t MaxHeapSize                              = 8573157376                                {product} {ergonomic}
   size_t MaxNewSize                               = 5142216704                                {product} {ergonomic}
   size_t MinHeapDeltaBytes                        = 4194304                                   {product} {ergonomic}
   size_t MinHeapSize                              = 8388608                                   {product} {ergonomic}
    uintx NonNMethodCodeHeapSize                   = 7602176                                {pd product} {ergonomic}
    uintx NonProfiledCodeHeapSize                  = 122093568                              {pd product} {ergonomic}
    uintx ProfiledCodeHeapSize                     = 121962496                              {pd product} {ergonomic}
    uintx ReservedCodeCacheSize                    = 251658240                              {pd product} {ergonomic}
     bool SegmentedCodeCache                       = true                                      {product} {ergonomic}
   size_t SoftMaxHeapSize                          = 8573157376                             {manageable} {ergonomic}
     bool UseCompressedOops                        = true                           {product lp64_product} {ergonomic}
     bool UseG1GC                                  = true                                      {product} {ergonomic}
     bool UseLargePagesIndividualAllocation        = false                                  {pd product} {ergonomic}

Logging:
Log output configuration:
 #0: stdout all=warning uptime,level,tags foldmultilines=false
 #1: stderr all=off uptime,level,tags foldmultilines=false

Environment Variables:
PATH=C:\Program Files (x86)\Common Files\Intel\Shared Libraries\bin32;C:\Program Files (x86)\Common Files\Intel\Shared Libraries\bin;C:\Program Files (x86)\Common Files\Intel\OpenCL\windows\compiler\lib\intel64_win;C:\Program Files (x86)\Common Files\Intel\OpenCL\windows\compiler\lib\ia32_win;C:\WINDOWS\system32;C:\WINDOWS;C:\WINDOWS\System32\Wbem;C:\WINDOWS\System32\WindowsPowerShell\v1.0\;C:\WINDOWS\System32\OpenSSH\;D:\Prog\DevTools\golang\bin;C:\ProgramData\chocolatey\bin;C:\Program Files\Git\cmd;C:\Program Files\dotnet\;C:\Program Files (x86)\dotnet\;C:\Program Files\CMake\bin;C:\Users\anton\AppData\Local\Microsoft\WindowsApps;;D:\Prog\DevTools\IntelliJ IDEA Community Edition 2024.3.1\bin;;C:\Users\anton\go\bin;C:\ProgramData\mingw64\mingw64\bin;D:\Prog\DevTools\PyCharm Community Edition 2024.3.1.1\bin;
USERNAME=anton
OS=Windows_NT
PROCESSOR_IDENTIFIER=AMD64 Family 25 Model 33 Stepping 0, AuthenticAMD
TMP=C:\Users\anton\AppData\Local\Temp
TEMP=C:\Users\anton\AppData\Local\Temp




Periodic native trim disabled

---------------  S Y S T E M  ---------------

OS:
 Windows 11 , 64 bit Build 26100 (10.0.26100.2454)
OS uptime: 3 days 2:49 hours
Hyper-V role detected

CPU: total 16 (initial active 16) (16 cores per cpu, 2 threads per core) family 25 model 33 stepping 0 microcode 0xa201009, cx8, cmov, fxsr, ht, mmx, 3dnowpref, sse, sse2, sse3, ssse3, sse4a, sse4.1, sse4.2, popcnt, lzcnt, tsc, tscinvbit, avx, avx2, aes, erms, clmul, bmi1, bmi2, adx, sha, fma, vzeroupper, clflush, clflushopt, hv, rdtscp, rdpid, fsrm, f16c, cet_ss
Processor Information for the first 16 processors :
  Max Mhz: 4200, Current Mhz: 4200, Mhz Limit: 4200

Memory: 4k page, system-wide physical 32689M (12876M free)
TotalPageFile size 38577M (AvailPageFile size 6102M)
current process WorkingSet (physical memory assigned to process): 206M, peak: 207M
current process commit charge ("private bytes"): 748M, peak: 750M

vm_info: OpenJDK 64-Bit Server VM (23.0.1+11-39) for windows-amd64 JRE (23.0.1+11-39), built on 2024-09-30T07:20:43Z with MS VC++ 17.6 (VS2022)

END.
